#
# A fatal error has been detected by the Java Runtime Environment:
#
#  SIGSEGV (0xb) at pc=0x00007f17dfa67677, pid=875, tid=897
#
# JRE version: Java(TM) SE Runtime Environment (9.0+11) (build 9.0.4+11)
# Java VM: Java HotSpot(TM) 64-Bit Server VM (9.0.4+11, mixed mode, tiered, compressed oops, g1 gc, linux-amd64)
# Problematic frame:
# V  [libjvm.so+0x7a6677]  GenerateOopMap::mark_bbheaders_and_count_gc_points()+0x487
#
# Core dump will be written. Default location: Core dumps may be processed with "/usr/share/apport/apport %p %s %c %d %P" (or dumping to /home/varvara/lab3/core.875)
#
# If you would like to submit a bug report, please visit:
#   http://bugreport.java.com/bugreport/crash.jsp
#

---------------  S U M M A R Y ------------

Command Line: -agentlib:jdwp=transport=dt_socket,address=127.0.0.1:46013,suspend=y,server=n -javaagent:/snap/intellij-idea-ultimate/86/lib/rt/debugger-agent.jar=file:/tmp/capture.props -Dfile.encoding=UTF-8 Main

Host: Intel(R) Core(TM) i5-7200U CPU @ 2.50GHz, 4 cores, 7G, Ubuntu 18.04.1 LTS
Time: Sat Oct 20 10:16:43 2018 +03 elapsed time: 138 seconds (0d 0h 2m 18s)

---------------  T H R E A D  ---------------

Current thread (0x00007f17d815c800):  VMThread "VM Thread" [stack: 0x00007f17bc45d000,0x00007f17bc55d000] [id=897]

Stack: [0x00007f17bc45d000,0x00007f17bc55d000],  sp=0x00007f17bc55b650,  free space=1017k
Native frames: (J=compiled Java code, A=aot compiled Java code, j=interpreted, Vv=VM code, C=native code)
V  [libjvm.so+0x7a6677]  GenerateOopMap::mark_bbheaders_and_count_gc_points()+0x487
V  [libjvm.so+0x7b05ec]  GenerateOopMap::compute_map(Thread*)+0x25c
V  [libjvm.so+0xb5a587]  OopMapForCacheEntry::compute_map(Thread*)+0x67
V  [libjvm.so+0xb5b1fc]  OopMapCacheEntry::fill(methodHandle, int)+0x12c
V  [libjvm.so+0xb5ba42]  OopMapCache::compute_one_oop_map(methodHandle const&, int, InterpreterOopMap*)+0x102
V  [libjvm.so+0xb5bd56]  OopMapCache::lookup(methodHandle const&, int, InterpreterOopMap*) const+0x216
V  [libjvm.so+0xafb584]  Method::mask_for(int, InterpreterOopMap*)+0x74
V  [libjvm.so+0x9a5a4d]  VM_GetOrSetLocal::doit()+0x4d
V  [libjvm.so+0xd5d4f9]  VM_Operation::evaluate()+0x59
V  [libjvm.so+0xd5b243]  VMThread::evaluate_operation(VM_Operation*)+0xc3
V  [libjvm.so+0xd5b7b0]  VMThread::loop()+0x210
V  [libjvm.so+0xd5bcc2]  VMThread::run()+0x72
V  [libjvm.so+0xb6e132]  thread_native_entry(Thread*)+0xf2


siginfo: si_signo: 11 (SIGSEGV), si_code: 128 (SI_KERNEL), si_addr: 0x0000000000000000

Register to memory mapping:

RAX=0x00007f17d80f91e0 is an unknown value
RBX=0x00000000000000aa is an unknown value
RCX=
[error occurred during error reporting (printing register info), id 0xb]

Registers:
RAX=0x00007f17d80f91e0, RBX=0x00000000000000aa, RCX=0x00000000ffffcae4, RDX=0x03ffffffffffff2b
RSP=0x00007f17bc55b650, RBP=0x00007f17bc55b6f0, RSI=0xffffffffffffcae4, RDI=0x0000001000000000
R8 =0x0000000000000002, R9 =0x0000000000000018, R10=0x00007f17bc55bb90, R11=0x0000000000000001
R12=0x00000000000000aa, R13=0x00007f178dc63372, R14=0x00007f17bc55b8a0, R15=0x000000000000009e
RIP=0x00007f17dfa67677, EFLAGS=0x0000000000010a07, CSGSFS=0x002b000000000033, ERR=0x0000000000000000
  TRAPNO=0x000000000000000d

Top of Stack: (sp=0x00007f17bc55b650)
0x00007f17bc55b650:   00007f17bdb8f500 0000000000000000
0x00007f17bc55b660:   00007f17bc55b690 00007f17bc55b680
0x00007f17bc55b670:   00007f17bc55b910 00007f17bc55b690
0x00007f17bc55b680:   0000000000000000 00007f17d80f9130 

Instructions: (pc=0x00007f17dfa67677)
0x00007f17dfa67657:   01 bf 01 00 00 00 66 c1 c8 08 98 42 8d 0c 20 49
0x00007f17dfa67667:   8b 46 70 48 63 f1 48 d3 e7 48 89 f2 48 c1 ea 06
0x00007f17dfa67677:   48 85 3c d0 75 17 48 8b 7d 80 ba 01 00 00 00 e8
0x00007f17dfa67687:   95 af cc ff 41 83 46 6c 01 49 8b 46 70 41 8d 4c 

VM_Operation (0x00007f178cfd0a10): GetOrSetLocal, mode: safepoint, requested by thread 0x00007f17d8273800


---------------  P R O C E S S  ---------------

Java Threads: ( => current thread )
  0x00007f17d82a6000 JavaThread "Service Thread" daemon [_thread_blocked, id=937, stack(0x00007f178cbce000,0x00007f178cccf000)]
  0x00007f175c001800 JavaThread "JDWP Command Reader" daemon [_thread_in_native, id=936, stack(0x00007f178cccf000,0x00007f178cdd0000)]
  0x00007f17d8277800 JavaThread "JDWP Event Helper Thread" daemon [_thread_blocked, id=934, stack(0x00007f178cdd0000,0x00007f178ced1000)]
  0x00007f17d8273800 JavaThread "JDWP Transport Listener: dt_socket" daemon [_thread_blocked, id=933, stack(0x00007f178ced1000,0x00007f178cfd2000)]
  0x00007f17d819f000 JavaThread "Common-Cleaner" daemon [_thread_blocked, id=922, stack(0x00007f178d1d6000,0x00007f178d2d7000)]
  0x00007f17d8190000 JavaThread "Sweeper thread" daemon [_thread_blocked, id=919, stack(0x00007f178d6ff000,0x00007f178d800000)]
  0x00007f17d818e800 JavaThread "C1 CompilerThread2" daemon [_thread_blocked, id=918, stack(0x00007f179405e000,0x00007f179415f000)]
  0x00007f17d818c800 JavaThread "C2 CompilerThread1" daemon [_thread_blocked, id=916, stack(0x00007f179415f000,0x00007f1794260000)]
  0x00007f17d818a800 JavaThread "C2 CompilerThread0" daemon [_thread_blocked, id=913, stack(0x00007f17bc057000,0x00007f17bc158000)]
  0x00007f17d8189000 JavaThread "Signal Dispatcher" daemon [_thread_blocked, id=912, stack(0x00007f17bc158000,0x00007f17bc259000)]
  0x00007f17d816e800 JavaThread "Finalizer" daemon [_thread_blocked, id=909, stack(0x00007f17bc259000,0x00007f17bc35a000)]
  0x00007f17d8166800 JavaThread "Reference Handler" daemon [_thread_blocked, id=904, stack(0x00007f17bc35a000,0x00007f17bc45b000)]
  0x00007f17d8017000 JavaThread "main" [_thread_blocked, id=877, stack(0x00007f17e1380000,0x00007f17e147f000)]

Other Threads:
=>0x00007f17d815c800 VMThread "VM Thread" [stack: 0x00007f17bc45d000,0x00007f17bc55d000] [id=897]
  0x00007f17d82a9800 WatcherThread [stack: 0x00007f178cace000,0x00007f178cbce000] [id=938]
  0x00007f17d802f000 GCTaskThread "GC Thread#0" [stack: 0x00007f17dccc8000,0x00007f17dcdc8000] [id=882]
  0x00007f17d8030800 GCTaskThread "GC Thread#1" [stack: 0x00007f17dcbc6000,0x00007f17dccc6000] [id=883]
  0x00007f17d8032000 GCTaskThread "GC Thread#2" [stack: 0x00007f17dcac4000,0x00007f17dcbc4000] [id=884]
  0x00007f17d8034000 GCTaskThread "GC Thread#3" [stack: 0x00007f17dc9c2000,0x00007f17dcac2000] [id=885]
  0x00007f17d8062800 ConcurrentGCThread "G1 Main Marker" [stack: 0x00007f17bcadb000,0x00007f17bcbdb000] [id=892]
  0x00007f17d8064000 ConcurrentGCThread "G1 Marker#0" [stack: 0x00007f17bc9d9000,0x00007f17bcad9000] [id=895]
  0x00007f17d803b000 ConcurrentGCThread "G1 Refine#0" [stack: 0x00007f17dc1b6000,0x00007f17dc2b6000] [id=889]
  0x00007f17d8039800 ConcurrentGCThread "G1 Refine#1" [stack: 0x00007f17dc2b8000,0x00007f17dc3b8000] [id=888]
  0x00007f17d8037800 ConcurrentGCThread "G1 Refine#2" [stack: 0x00007f17dc3ba000,0x00007f17dc4ba000] [id=887]
  0x00007f17d8036000 ConcurrentGCThread "G1 Refine#3" [stack: 0x00007f17dc4bc000,0x00007f17dc5bc000] [id=886]
  0x00007f17d803d000 ConcurrentGCThread "G1 Young RemSet Sampling" [stack: 0x00007f17dc0b4000,0x00007f17dc1b4000] [id=891]

Threads with active compile tasks:

VM state:at safepoint (normal execution)

VM Mutex/Monitor currently owned by a thread:  ([mutex/lock_event])
[0x00007f17d8013000] Threads_lock - owner thread: 0x00007f17d815c800

Heap address: 0x0000000084c00000, size: 1972 MB, Compressed Oops mode: 32-bit
Narrow klass base: 0x0000000000000000, Narrow klass shift: 3
Compressed class space size: 1073741824 Address: 0x0000000100000000

Heap:
 garbage-first heap   total 126976K, used 4096K [0x0000000084c00000, 0x0000000084d003e0, 0x0000000100000000)
  region size 1024K, 5 young (5120K), 0 survivors (0K)
 Metaspace       used 6931K, capacity 7118K, committed 7424K, reserved 1056768K
  class space    used 583K, capacity 652K, committed 768K, reserved 1048576K
Heap Regions: E=young(eden), S=young(survivor), O=old, HS=humongous(starts), HC=humongous(continues), CS=collection set, F=free, A=archive, TS=gc time stamp, AC=allocation context, TAMS=top-at-mark-start (previous, next)
|   0|0x0000000084c00000, 0x0000000084c00000, 0x0000000084d00000|  0%| F|  |TS  0|AC  0|TAMS 0x0000000084c00000, 0x0000000084c00000|
|   1|0x0000000084d00000, 0x0000000084d00000, 0x0000000084e00000|  0%| F|  |TS  0|AC  0|TAMS 0x0000000084d00000, 0x0000000084d00000|
|   2|0x0000000084e00000, 0x0000000084e00000, 0x0000000084f00000|  0%| F|  |TS  0|AC  0|TAMS 0x0000000084e00000, 0x0000000084e00000|
|   3|0x0000000084f00000, 0x0000000084f00000, 0x0000000085000000|  0%| F|  |TS  0|AC  0|TAMS 0x0000000084f00000, 0x0000000084f00000|
|   4|0x0000000085000000, 0x0000000085000000, 0x0000000085100000|  0%| F|  |TS  0|AC  0|TAMS 0x0000000085000000, 0x0000000085000000|
|   5|0x0000000085100000, 0x0000000085100000, 0x0000000085200000|  0%| F|  |TS  0|AC  0|TAMS 0x0000000085100000, 0x0000000085100000|
|   6|0x0000000085200000, 0x0000000085200000, 0x0000000085300000|  0%| F|  |TS  0|AC  0|TAMS 0x0000000085200000, 0x0000000085200000|
|   7|0x0000000085300000, 0x0000000085300000, 0x0000000085400000|  0%| F|  |TS  0|AC  0|TAMS 0x0000000085300000, 0x0000000085300000|
|   8|0x0000000085400000, 0x0000000085400000, 0x0000000085500000|  0%| F|  |TS  0|AC  0|TAMS 0x0000000085400000, 0x0000000085400000|
|   9|0x0000000085500000, 0x0000000085500000, 0x0000000085600000|  0%| F|  |TS  0|AC  0|TAMS 0x0000000085500000, 0x0000000085500000|
|  10|0x0000000085600000, 0x0000000085600000, 0x0000000085700000|  0%| F|  |TS  0|AC  0|TAMS 0x0000000085600000, 0x0000000085600000|
|  11|0x0000000085700000, 0x0000000085700000, 0x0000000085800000|  0%| F|  |TS  0|AC  0|TAMS 0x0000000085700000, 0x0000000085700000|
|  12|0x0000000085800000, 0x0000000085800000, 0x0000000085900000|  0%| F|  |TS  0|AC  0|TAMS 0x0000000085800000, 0x0000000085800000|
|  13|0x0000000085900000, 0x0000000085900000, 0x0000000085a00000|  0%| F|  |TS  0|AC  0|TAMS 0x0000000085900000, 0x0000000085900000|
|  14|0x0000000085a00000, 0x0000000085a00000, 0x0000000085b00000|  0%| F|  |TS  0|AC  0|TAMS 0x0000000085a00000, 0x0000000085a00000|
|  15|0x0000000085b00000, 0x0000000085b00000, 0x0000000085c00000|  0%| F|  |TS  0|AC  0|TAMS 0x0000000085b00000, 0x0000000085b00000|
|  16|0x0000000085c00000, 0x0000000085c00000, 0x0000000085d00000|  0%| F|  |TS  0|AC  0|TAMS 0x0000000085c00000, 0x0000000085c00000|
|  17|0x0000000085d00000, 0x0000000085d00000, 0x0000000085e00000|  0%| F|  |TS  0|AC  0|TAMS 0x0000000085d00000, 0x0000000085d00000|
|  18|0x0000000085e00000, 0x0000000085e00000, 0x0000000085f00000|  0%| F|  |TS  0|AC  0|TAMS 0x0000000085e00000, 0x0000000085e00000|
|  19|0x0000000085f00000, 0x0000000085f00000, 0x0000000086000000|  0%| F|  |TS  0|AC  0|TAMS 0x0000000085f00000, 0x0000000085f00000|
|  20|0x0000000086000000, 0x0000000086000000, 0x0000000086100000|  0%| F|  |TS  0|AC  0|TAMS 0x0000000086000000, 0x0000000086000000|
|  21|0x0000000086100000, 0x0000000086100000, 0x0000000086200000|  0%| F|  |TS  0|AC  0|TAMS 0x0000000086100000, 0x0000000086100000|
|  22|0x0000000086200000, 0x0000000086200000, 0x0000000086300000|  0%| F|  |TS  0|AC  0|TAMS 0x0000000086200000, 0x0000000086200000|
|  23|0x0000000086300000, 0x0000000086300000, 0x0000000086400000|  0%| F|  |TS  0|AC  0|TAMS 0x0000000086300000, 0x0000000086300000|
|  24|0x0000000086400000, 0x0000000086400000, 0x0000000086500000|  0%| F|  |TS  0|AC  0|TAMS 0x0000000086400000, 0x0000000086400000|
|  25|0x0000000086500000, 0x0000000086500000, 0x0000000086600000|  0%| F|  |TS  0|AC  0|TAMS 0x0000000086500000, 0x0000000086500000|
|  26|0x0000000086600000, 0x0000000086600000, 0x0000000086700000|  0%| F|  |TS  0|AC  0|TAMS 0x0000000086600000, 0x0000000086600000|
|  27|0x0000000086700000, 0x0000000086700000, 0x0000000086800000|  0%| F|  |TS  0|AC  0|TAMS 0x0000000086700000, 0x0000000086700000|
|  28|0x0000000086800000, 0x0000000086800000, 0x0000000086900000|  0%| F|  |TS  0|AC  0|TAMS 0x0000000086800000, 0x0000000086800000|
|  29|0x0000000086900000, 0x0000000086900000, 0x0000000086a00000|  0%| F|  |TS  0|AC  0|TAMS 0x0000000086900000, 0x0000000086900000|
|  30|0x0000000086a00000, 0x0000000086a00000, 0x0000000086b00000|  0%| F|  |TS  0|AC  0|TAMS 0x0000000086a00000, 0x0000000086a00000|
|  31|0x0000000086b00000, 0x0000000086b00000, 0x0000000086c00000|  0%| F|  |TS  0|AC  0|TAMS 0x0000000086b00000, 0x0000000086b00000|
|  32|0x0000000086c00000, 0x0000000086c00000, 0x0000000086d00000|  0%| F|  |TS  0|AC  0|TAMS 0x0000000086c00000, 0x0000000086c00000|
|  33|0x0000000086d00000, 0x0000000086d00000, 0x0000000086e00000|  0%| F|  |TS  0|AC  0|TAMS 0x0000000086d00000, 0x0000000086d00000|
|  34|0x0000000086e00000, 0x0000000086e00000, 0x0000000086f00000|  0%| F|  |TS  0|AC  0|TAMS 0x0000000086e00000, 0x0000000086e00000|
|  35|0x0000000086f00000, 0x0000000086f00000, 0x0000000087000000|  0%| F|  |TS  0|AC  0|TAMS 0x0000000086f00000, 0x0000000086f00000|
|  36|0x0000000087000000, 0x0000000087000000, 0x0000000087100000|  0%| F|  |TS  0|AC  0|TAMS 0x0000000087000000, 0x0000000087000000|
|  37|0x0000000087100000, 0x0000000087100000, 0x0000000087200000|  0%| F|  |TS  0|AC  0|TAMS 0x0000000087100000, 0x0000000087100000|
|  38|0x0000000087200000, 0x0000000087200000, 0x0000000087300000|  0%| F|  |TS  0|AC  0|TAMS 0x0000000087200000, 0x0000000087200000|
|  39|0x0000000087300000, 0x0000000087300000, 0x0000000087400000|  0%| F|  |TS  0|AC  0|TAMS 0x0000000087300000, 0x0000000087300000|
|  40|0x0000000087400000, 0x0000000087400000, 0x0000000087500000|  0%| F|  |TS  0|AC  0|TAMS 0x0000000087400000, 0x0000000087400000|
|  41|0x0000000087500000, 0x0000000087500000, 0x0000000087600000|  0%| F|  |TS  0|AC  0|TAMS 0x0000000087500000, 0x0000000087500000|
|  42|0x0000000087600000, 0x0000000087600000, 0x0000000087700000|  0%| F|  |TS  0|AC  0|TAMS 0x0000000087600000, 0x0000000087600000|
|  43|0x0000000087700000, 0x0000000087700000, 0x0000000087800000|  0%| F|  |TS  0|AC  0|TAMS 0x0000000087700000, 0x0000000087700000|
|  44|0x0000000087800000, 0x0000000087800000, 0x0000000087900000|  0%| F|  |TS  0|AC  0|TAMS 0x0000000087800000, 0x0000000087800000|
|  45|0x0000000087900000, 0x0000000087900000, 0x0000000087a00000|  0%| F|  |TS  0|AC  0|TAMS 0x0000000087900000, 0x0000000087900000|
|  46|0x0000000087a00000, 0x0000000087a00000, 0x0000000087b00000|  0%| F|  |TS  0|AC  0|TAMS 0x0000000087a00000, 0x0000000087a00000|
|  47|0x0000000087b00000, 0x0000000087b00000, 0x0000000087c00000|  0%| F|  |TS  0|AC  0|TAMS 0x0000000087b00000, 0x0000000087b00000|
|  48|0x0000000087c00000, 0x0000000087c00000, 0x0000000087d00000|  0%| F|  |TS  0|AC  0|TAMS 0x0000000087c00000, 0x0000000087c00000|
|  49|0x0000000087d00000, 0x0000000087d00000, 0x0000000087e00000|  0%| F|  |TS  0|AC  0|TAMS 0x0000000087d00000, 0x0000000087d00000|
|  50|0x0000000087e00000, 0x0000000087e00000, 0x0000000087f00000|  0%| F|  |TS  0|AC  0|TAMS 0x0000000087e00000, 0x0000000087e00000|
|  51|0x0000000087f00000, 0x0000000087f00000, 0x0000000088000000|  0%| F|  |TS  0|AC  0|TAMS 0x0000000087f00000, 0x0000000087f00000|
|  52|0x0000000088000000, 0x0000000088000000, 0x0000000088100000|  0%| F|  |TS  0|AC  0|TAMS 0x0000000088000000, 0x0000000088000000|
|  53|0x0000000088100000, 0x0000000088100000, 0x0000000088200000|  0%| F|  |TS  0|AC  0|TAMS 0x0000000088100000, 0x0000000088100000|
|  54|0x0000000088200000, 0x0000000088200000, 0x0000000088300000|  0%| F|  |TS  0|AC  0|TAMS 0x0000000088200000, 0x0000000088200000|
|  55|0x0000000088300000, 0x0000000088300000, 0x0000000088400000|  0%| F|  |TS  0|AC  0|TAMS 0x0000000088300000, 0x0000000088300000|
|  56|0x0000000088400000, 0x0000000088400000, 0x0000000088500000|  0%| F|  |TS  0|AC  0|TAMS 0x0000000088400000, 0x0000000088400000|
|  57|0x0000000088500000, 0x0000000088500000, 0x0000000088600000|  0%| F|  |TS  0|AC  0|TAMS 0x0000000088500000, 0x0000000088500000|
|  58|0x0000000088600000, 0x0000000088600000, 0x0000000088700000|  0%| F|  |TS  0|AC  0|TAMS 0x0000000088600000, 0x0000000088600000|
|  59|0x0000000088700000, 0x0000000088700000, 0x0000000088800000|  0%| F|  |TS  0|AC  0|TAMS 0x0000000088700000, 0x0000000088700000|
|  60|0x0000000088800000, 0x0000000088800000, 0x0000000088900000|  0%| F|  |TS  0|AC  0|TAMS 0x0000000088800000, 0x0000000088800000|
|  61|0x0000000088900000, 0x0000000088900000, 0x0000000088a00000|  0%| F|  |TS  0|AC  0|TAMS 0x0000000088900000, 0x0000000088900000|
|  62|0x0000000088a00000, 0x0000000088a00000, 0x0000000088b00000|  0%| F|  |TS  0|AC  0|TAMS 0x0000000088a00000, 0x0000000088a00000|
|  63|0x0000000088b00000, 0x0000000088b00000, 0x0000000088c00000|  0%| F|  |TS  0|AC  0|TAMS 0x0000000088b00000, 0x0000000088b00000|
|  64|0x0000000088c00000, 0x0000000088c00000, 0x0000000088d00000|  0%| F|  |TS  0|AC  0|TAMS 0x0000000088c00000, 0x0000000088c00000|
|  65|0x0000000088d00000, 0x0000000088d00000, 0x0000000088e00000|  0%| F|  |TS  0|AC  0|TAMS 0x0000000088d00000, 0x0000000088d00000|
|  66|0x0000000088e00000, 0x0000000088e00000, 0x0000000088f00000|  0%| F|  |TS  0|AC  0|TAMS 0x0000000088e00000, 0x0000000088e00000|
|  67|0x0000000088f00000, 0x0000000088f00000, 0x0000000089000000|  0%| F|  |TS  0|AC  0|TAMS 0x0000000088f00000, 0x0000000088f00000|
|  68|0x0000000089000000, 0x0000000089000000, 0x0000000089100000|  0%| F|  |TS  0|AC  0|TAMS 0x0000000089000000, 0x0000000089000000|
|  69|0x0000000089100000, 0x0000000089100000, 0x0000000089200000|  0%| F|  |TS  0|AC  0|TAMS 0x0000000089100000, 0x0000000089100000|
|  70|0x0000000089200000, 0x0000000089200000, 0x0000000089300000|  0%| F|  |TS  0|AC  0|TAMS 0x0000000089200000, 0x0000000089200000|
|  71|0x0000000089300000, 0x0000000089300000, 0x0000000089400000|  0%| F|  |TS  0|AC  0|TAMS 0x0000000089300000, 0x0000000089300000|
|  72|0x0000000089400000, 0x0000000089400000, 0x0000000089500000|  0%| F|  |TS  0|AC  0|TAMS 0x0000000089400000, 0x0000000089400000|
|  73|0x0000000089500000, 0x0000000089500000, 0x0000000089600000|  0%| F|  |TS  0|AC  0|TAMS 0x0000000089500000, 0x0000000089500000|
|  74|0x0000000089600000, 0x0000000089600000, 0x0000000089700000|  0%| F|  |TS  0|AC  0|TAMS 0x0000000089600000, 0x0000000089600000|
|  75|0x0000000089700000, 0x0000000089700000, 0x0000000089800000|  0%| F|  |TS  0|AC  0|TAMS 0x0000000089700000, 0x0000000089700000|
|  76|0x0000000089800000, 0x0000000089800000, 0x0000000089900000|  0%| F|  |TS  0|AC  0|TAMS 0x0000000089800000, 0x0000000089800000|
|  77|0x0000000089900000, 0x0000000089900000, 0x0000000089a00000|  0%| F|  |TS  0|AC  0|TAMS 0x0000000089900000, 0x0000000089900000|
|  78|0x0000000089a00000, 0x0000000089a00000, 0x0000000089b00000|  0%| F|  |TS  0|AC  0|TAMS 0x0000000089a00000, 0x0000000089a00000|
|  79|0x0000000089b00000, 0x0000000089b00000, 0x0000000089c00000|  0%| F|  |TS  0|AC  0|TAMS 0x0000000089b00000, 0x0000000089b00000|
|  80|0x0000000089c00000, 0x0000000089c00000, 0x0000000089d00000|  0%| F|  |TS  0|AC  0|TAMS 0x0000000089c00000, 0x0000000089c00000|
|  81|0x0000000089d00000, 0x0000000089d00000, 0x0000000089e00000|  0%| F|  |TS  0|AC  0|TAMS 0x0000000089d00000, 0x0000000089d00000|
|  82|0x0000000089e00000, 0x0000000089e00000, 0x0000000089f00000|  0%| F|  |TS  0|AC  0|TAMS 0x0000000089e00000, 0x0000000089e00000|
|  83|0x0000000089f00000, 0x0000000089f00000, 0x000000008a000000|  0%| F|  |TS  0|AC  0|TAMS 0x0000000089f00000, 0x0000000089f00000|
|  84|0x000000008a000000, 0x000000008a000000, 0x000000008a100000|  0%| F|  |TS  0|AC  0|TAMS 0x000000008a000000, 0x000000008a000000|
|  85|0x000000008a100000, 0x000000008a100000, 0x000000008a200000|  0%| F|  |TS  0|AC  0|TAMS 0x000000008a100000, 0x000000008a100000|
|  86|0x000000008a200000, 0x000000008a200000, 0x000000008a300000|  0%| F|  |TS  0|AC  0|TAMS 0x000000008a200000, 0x000000008a200000|
|  87|0x000000008a300000, 0x000000008a300000, 0x000000008a400000|  0%| F|  |TS  0|AC  0|TAMS 0x000000008a300000, 0x000000008a300000|
|  88|0x000000008a400000, 0x000000008a400000, 0x000000008a500000|  0%| F|  |TS  0|AC  0|TAMS 0x000000008a400000, 0x000000008a400000|
|  89|0x000000008a500000, 0x000000008a500000, 0x000000008a600000|  0%| F|  |TS  0|AC  0|TAMS 0x000000008a500000, 0x000000008a500000|
|  90|0x000000008a600000, 0x000000008a600000, 0x000000008a700000|  0%| F|  |TS  0|AC  0|TAMS 0x000000008a600000, 0x000000008a600000|
|  91|0x000000008a700000, 0x000000008a700000, 0x000000008a800000|  0%| F|  |TS  0|AC  0|TAMS 0x000000008a700000, 0x000000008a700000|
|  92|0x000000008a800000, 0x000000008a800000, 0x000000008a900000|  0%| F|  |TS  0|AC  0|TAMS 0x000000008a800000, 0x000000008a800000|
|  93|0x000000008a900000, 0x000000008a900000, 0x000000008aa00000|  0%| F|  |TS  0|AC  0|TAMS 0x000000008a900000, 0x000000008a900000|
|  94|0x000000008aa00000, 0x000000008aa00000, 0x000000008ab00000|  0%| F|  |TS  0|AC  0|TAMS 0x000000008aa00000, 0x000000008aa00000|
|  95|0x000000008ab00000, 0x000000008ab00000, 0x000000008ac00000|  0%| F|  |TS  0|AC  0|TAMS 0x000000008ab00000, 0x000000008ab00000|
|  96|0x000000008ac00000, 0x000000008ac00000, 0x000000008ad00000|  0%| F|  |TS  0|AC  0|TAMS 0x000000008ac00000, 0x000000008ac00000|
|  97|0x000000008ad00000, 0x000000008ad00000, 0x000000008ae00000|  0%| F|  |TS  0|AC  0|TAMS 0x000000008ad00000, 0x000000008ad00000|
|  98|0x000000008ae00000, 0x000000008ae00000, 0x000000008af00000|  0%| F|  |TS  0|AC  0|TAMS 0x000000008ae00000, 0x000000008ae00000|
|  99|0x000000008af00000, 0x000000008af00000, 0x000000008b000000|  0%| F|  |TS  0|AC  0|TAMS 0x000000008af00000, 0x000000008af00000|
| 100|0x000000008b000000, 0x000000008b000000, 0x000000008b100000|  0%| F|  |TS  0|AC  0|TAMS 0x000000008b000000, 0x000000008b000000|
| 101|0x000000008b100000, 0x000000008b100000, 0x000000008b200000|  0%| F|  |TS  0|AC  0|TAMS 0x000000008b100000, 0x000000008b100000|
| 102|0x000000008b200000, 0x000000008b200000, 0x000000008b300000|  0%| F|  |TS  0|AC  0|TAMS 0x000000008b200000, 0x000000008b200000|
| 103|0x000000008b300000, 0x000000008b300000, 0x000000008b400000|  0%| F|  |TS  0|AC  0|TAMS 0x000000008b300000, 0x000000008b300000|
| 104|0x000000008b400000, 0x000000008b400000, 0x000000008b500000|  0%| F|  |TS  0|AC  0|TAMS 0x000000008b400000, 0x000000008b400000|
| 105|0x000000008b500000, 0x000000008b500000, 0x000000008b600000|  0%| F|  |TS  0|AC  0|TAMS 0x000000008b500000, 0x000000008b500000|
| 106|0x000000008b600000, 0x000000008b600000, 0x000000008b700000|  0%| F|  |TS  0|AC  0|TAMS 0x000000008b600000, 0x000000008b600000|
| 107|0x000000008b700000, 0x000000008b700000, 0x000000008b800000|  0%| F|  |TS  0|AC  0|TAMS 0x000000008b700000, 0x000000008b700000|
| 108|0x000000008b800000, 0x000000008b800000, 0x000000008b900000|  0%| F|  |TS  0|AC  0|TAMS 0x000000008b800000, 0x000000008b800000|
| 109|0x000000008b900000, 0x000000008b900000, 0x000000008ba00000|  0%| F|  |TS  0|AC  0|TAMS 0x000000008b900000, 0x000000008b900000|
| 110|0x000000008ba00000, 0x000000008ba00000, 0x000000008bb00000|  0%| F|  |TS  0|AC  0|TAMS 0x000000008ba00000, 0x000000008ba00000|
| 111|0x000000008bb00000, 0x000000008bb00000, 0x000000008bc00000|  0%| F|  |TS  0|AC  0|TAMS 0x000000008bb00000, 0x000000008bb00000|
| 112|0x000000008bc00000, 0x000000008bc00000, 0x000000008bd00000|  0%| F|  |TS  0|AC  0|TAMS 0x000000008bc00000, 0x000000008bc00000|
| 113|0x000000008bd00000, 0x000000008bd00000, 0x000000008be00000|  0%| F|  |TS  0|AC  0|TAMS 0x000000008bd00000, 0x000000008bd00000|
| 114|0x000000008be00000, 0x000000008be00000, 0x000000008bf00000|  0%| F|  |TS  0|AC  0|TAMS 0x000000008be00000, 0x000000008be00000|
| 115|0x000000008bf00000, 0x000000008bf00000, 0x000000008c000000|  0%| F|  |TS  0|AC  0|TAMS 0x000000008bf00000, 0x000000008bf00000|
| 116|0x000000008c000000, 0x000000008c000000, 0x000000008c100000|  0%| F|  |TS  0|AC  0|TAMS 0x000000008c000000, 0x000000008c000000|
| 117|0x000000008c100000, 0x000000008c100000, 0x000000008c200000|  0%| F|  |TS  0|AC  0|TAMS 0x000000008c100000, 0x000000008c100000|
| 118|0x000000008c200000, 0x000000008c200000, 0x000000008c300000|  0%| F|  |TS  0|AC  0|TAMS 0x000000008c200000, 0x000000008c200000|
| 119|0x000000008c300000, 0x000000008c3dcd08, 0x000000008c400000| 86%| E|  |TS  0|AC  0|TAMS 0x000000008c300000, 0x000000008c300000|
| 120|0x000000008c400000, 0x000000008c500000, 0x000000008c500000|100%| E|CS|TS  0|AC  0|TAMS 0x000000008c400000, 0x000000008c400000|
| 121|0x000000008c500000, 0x000000008c600000, 0x000000008c600000|100%| E|CS|TS  0|AC  0|TAMS 0x000000008c500000, 0x000000008c500000|
| 122|0x000000008c600000, 0x000000008c700000, 0x000000008c700000|100%| E|CS|TS  0|AC  0|TAMS 0x000000008c600000, 0x000000008c600000|
| 123|0x000000008c700000, 0x000000008c800000, 0x000000008c800000|100%| E|CS|TS  0|AC  0|TAMS 0x000000008c700000, 0x000000008c700000|

Card table byte_map: [0x00007f17bcfb5000,0x00007f17bd38f000] byte_map_base: 0x00007f17bcb8f000

Marking Bits (Prev, Next): (CMBitMap*) 0x00007f17d8061730, (CMBitMap*) 0x00007f17d8061768
 Prev Bits: [0x00007f1796130000, 0x00007f1798000000)
 Next Bits: [0x00007f1794260000, 0x00007f1796130000)

Polling page: 0x00007f17e14ac000

CodeHeap 'non-profiled nmethods': size=120032Kb used=86Kb max_used=86Kb free=119945Kb
 bounds [0x00007f17c560b000, 0x00007f17c587b000, 0x00007f17ccb43000]
CodeHeap 'profiled nmethods': size=120032Kb used=439Kb max_used=439Kb free=119593Kb
 bounds [0x00007f17be0d3000, 0x00007f17be343000, 0x00007f17c560b000]
CodeHeap 'non-nmethods': size=5696Kb used=1180Kb max_used=1190Kb free=4515Kb
 bounds [0x00007f17bdb43000, 0x00007f17bddb3000, 0x00007f17be0d3000]
 total_blobs=716 nmethods=310 adapters=252
 compilation: enabled

Compilation events (10 events):
Event: 0,488 Thread 0x00007f17d818e800  310       3       java.lang.String::startsWith (138 bytes)
Event: 0,489 Thread 0x00007f17d818e800 nmethod 310 0x00007f17be13e790 code [0x00007f17be13e9c0, 0x00007f17be13f670]
Event: 0,489 Thread 0x00007f17d818e800  305       3       java.util.regex.Pattern$Node::study (21 bytes)
Event: 0,490 Thread 0x00007f17d818e800 nmethod 305 0x00007f17be13f990 code [0x00007f17be13fb40, 0x00007f17be13fdc8]
Event: 0,490 Thread 0x00007f17d818e800  306       3       java.util.regex.Pattern$TreeInfo::reset (21 bytes)
Event: 0,490 Thread 0x00007f17d818e800 nmethod 306 0x00007f17be13fe90 code [0x00007f17be140040, 0x00007f17be1401b0]
Event: 0,490 Thread 0x00007f17d818e800  303       3       java.lang.invoke.DirectMethodHandle::internalMemberName (8 bytes)
Event: 0,490 Thread 0x00007f17d818e800 nmethod 303 0x00007f17be140210 code [0x00007f17be1403c0, 0x00007f17be1405f0]
Event: 0,490 Thread 0x00007f17d818e800  308       3       java.util.regex.Pattern$CharProperty::<init> (10 bytes)
Event: 0,490 Thread 0x00007f17d818e800 nmethod 308 0x00007f17be140690 code [0x00007f17be140860, 0x00007f17be140b50]

GC Heap History (0 events):
No events

Deoptimization events (2 events):
Event: 0,455 Thread 0x00007f17d8017000 Uncommon trap: reason=unstable_if action=reinterpret pc=0x00007f17c561701c method=java.lang.String.charAt(I)C @ 4 c2
Event: 0,470 Thread 0x00007f17d8017000 Uncommon trap: reason=unstable_if action=reinterpret pc=0x00007f17c561d99c method=java.lang.String.equals(Ljava/lang/Object;)Z @ 27 c2

Classes redefined (2 events):
Event: 102,840 Thread 0x00007f17d815c800 redefined class name=Main, count=1
Event: 138,489 Thread 0x00007f17d815c800 redefined class name=Main, count=2

Internal exceptions (3 events):
Event: 0,371 Thread 0x00007f17d8017000 MyException <a 'java/lang/NoSuchMethodError'{0x000000008c497f60}: java.lang.Object.lambda$negate$3(I)Z> (0x000000008c497f60) thrown at [/scratch/opt/mach5/mesos/work_dir/slaves/5af44a71-976a-41b7-81de-5773b84ec572-S39643/frameworks/1735e8a2-a1db-478c-8104-6
Event: 0,374 Thread 0x00007f17d8017000 MyException <a 'java/lang/NoSuchMethodError'{0x000000008c49b3b8}: java.lang.Object.lambda$and$0(Ljava/util/regex/Pattern$CharPredicate;I)Z> (0x000000008c49b3b8) thrown at [/scratch/opt/mach5/mesos/work_dir/slaves/5af44a71-976a-41b7-81de-5773b84ec572-S39643/
Event: 0,467 Thread 0x00007f17d8017000 MyException <a 'java/lang/NoSuchMethodError'{0x000000008c39e790}: java.lang.Object.lambda$union$2(Ljava/util/regex/Pattern$CharPredicate;I)Z> (0x000000008c39e790) thrown at [/scratch/opt/mach5/mesos/work_dir/slaves/5af44a71-976a-41b7-81de-5773b84ec572-S3964

Events (10 events):
Event: 138,492 Executing VM operation: GetFrameCount done
Event: 138,493 Executing VM operation: GetFrameCount
Event: 138,493 Executing VM operation: GetFrameCount done
Event: 138,493 Executing VM operation: GetFrameLocation
Event: 138,493 Executing VM operation: GetFrameLocation done
Event: 138,548 Executing VM operation: ChangeBreakpoints
Event: 138,548 Executing VM operation: ChangeBreakpoints done
Event: 138,549 Executing VM operation: ChangeBreakpoints
Event: 138,549 Executing VM operation: ChangeBreakpoints done
Event: 138,622 Executing VM operation: GetOrSetLocal


Dynamic libraries:
00400000-00401000 r-xp 00000000 103:07 1059425                           /usr/lib/jvm/java-9-oracle/bin/java
00600000-00601000 rw-p 00000000 103:07 1059425                           /usr/lib/jvm/java-9-oracle/bin/java
01501000-01522000 rw-p 00000000 00:00 0                                  [heap]
84c00000-8c800000 rw-p 00000000 00:00 0 
8c800000-100000000 ---p 00000000 00:00 0 
100000000-1000c0000 rw-p 00000000 00:00 0 
1000c0000-140000000 ---p 00000000 00:00 0 
7f174c000000-7f174c021000 rw-p 00000000 00:00 0 
7f174c021000-7f1750000000 ---p 00000000 00:00 0 
7f1754000000-7f1754021000 rw-p 00000000 00:00 0 
7f1754021000-7f1758000000 ---p 00000000 00:00 0 
7f1758000000-7f1758021000 rw-p 00000000 00:00 0 
7f1758021000-7f175c000000 ---p 00000000 00:00 0 
7f175c000000-7f175c025000 rw-p 00000000 00:00 0 
7f175c025000-7f1760000000 ---p 00000000 00:00 0 
7f1760000000-7f1760021000 rw-p 00000000 00:00 0 
7f1760021000-7f1764000000 ---p 00000000 00:00 0 
7f1764000000-7f1764021000 rw-p 00000000 00:00 0 
7f1764021000-7f1768000000 ---p 00000000 00:00 0 
7f1768000000-7f1768021000 rw-p 00000000 00:00 0 
7f1768021000-7f176c000000 ---p 00000000 00:00 0 
7f176c000000-7f176c0a3000 rw-p 00000000 00:00 0 
7f176c0a3000-7f1770000000 ---p 00000000 00:00 0 
7f1770000000-7f1770156000 rw-p 00000000 00:00 0 
7f1770156000-7f1774000000 ---p 00000000 00:00 0 
7f1774000000-7f1774021000 rw-p 00000000 00:00 0 
7f1774021000-7f1778000000 ---p 00000000 00:00 0 
7f1778000000-7f1778097000 rw-p 00000000 00:00 0 
7f1778097000-7f177c000000 ---p 00000000 00:00 0 
7f177c000000-7f177c021000 rw-p 00000000 00:00 0 
7f177c021000-7f1780000000 ---p 00000000 00:00 0 
7f1780000000-7f1780021000 rw-p 00000000 00:00 0 
7f1780021000-7f1784000000 ---p 00000000 00:00 0 
7f1784000000-7f1784021000 rw-p 00000000 00:00 0 
7f1784021000-7f1788000000 ---p 00000000 00:00 0 
7f1788000000-7f1788021000 rw-p 00000000 00:00 0 
7f1788021000-7f178c000000 ---p 00000000 00:00 0 
7f178c79e000-7f178cacc000 rw-p 00000000 00:00 0 
7f178cacc000-7f178cacd000 ---p 00000000 00:00 0 
7f178cacd000-7f178cbce000 rw-p 00000000 00:00 0 
7f178cbce000-7f178cbd2000 ---p 00000000 00:00 0 
7f178cbd2000-7f178cccf000 rw-p 00000000 00:00 0 
7f178cccf000-7f178ccd3000 ---p 00000000 00:00 0 
7f178ccd3000-7f178cdd0000 rw-p 00000000 00:00 0 
7f178cdd0000-7f178cdd4000 ---p 00000000 00:00 0 
7f178cdd4000-7f178ced1000 rw-p 00000000 00:00 0 
7f178ced1000-7f178ced5000 ---p 00000000 00:00 0 
7f178ced5000-7f178cfd2000 rw-p 00000000 00:00 0 
7f178cfd2000-7f178cfd6000 r-xp 00000000 103:07 1059790                   /usr/lib/jvm/java-9-oracle/lib/libdt_socket.so
7f178cfd6000-7f178d1d5000 ---p 00004000 103:07 1059790                   /usr/lib/jvm/java-9-oracle/lib/libdt_socket.so
7f178d1d5000-7f178d1d6000 rw-p 00003000 103:07 1059790                   /usr/lib/jvm/java-9-oracle/lib/libdt_socket.so
7f178d1d6000-7f178d1da000 ---p 00000000 00:00 0 
7f178d1da000-7f178d2d7000 rw-p 00000000 00:00 0 
7f178d2d7000-7f178d2ed000 r-xp 00000000 103:07 1059824                   /usr/lib/jvm/java-9-oracle/lib/libnet.so
7f178d2ed000-7f178d4ed000 ---p 00016000 103:07 1059824                   /usr/lib/jvm/java-9-oracle/lib/libnet.so
7f178d4ed000-7f178d4ee000 rw-p 00016000 103:07 1059824                   /usr/lib/jvm/java-9-oracle/lib/libnet.so
7f178d4ee000-7f178d4fe000 r-xp 00000000 103:07 1059825                   /usr/lib/jvm/java-9-oracle/lib/libnio.so
7f178d4fe000-7f178d6fe000 ---p 00010000 103:07 1059825                   /usr/lib/jvm/java-9-oracle/lib/libnio.so
7f178d6fe000-7f178d6ff000 rw-p 00010000 103:07 1059825                   /usr/lib/jvm/java-9-oracle/lib/libnio.so
7f178d6ff000-7f178d703000 ---p 00000000 00:00 0 
7f178d703000-7f178de80000 rw-p 00000000 00:00 0 
7f178de80000-7f178e000000 ---p 00000000 00:00 0 
7f178e000000-7f1790000000 rwxp 00000000 00:00 0 
7f1790000000-7f1790021000 rw-p 00000000 00:00 0 
7f1790021000-7f1794000000 ---p 00000000 00:00 0 
7f179405e000-7f1794062000 ---p 00000000 00:00 0 
7f1794062000-7f179415f000 rw-p 00000000 00:00 0 
7f179415f000-7f1794163000 ---p 00000000 00:00 0 
7f1794163000-7f1794450000 rw-p 00000000 00:00 0 
7f1794450000-7f1796130000 ---p 00000000 00:00 0 
7f1796130000-7f1796320000 rw-p 00000000 00:00 0 
7f1796320000-7f1798000000 ---p 00000000 00:00 0 
7f1798000000-7f1798021000 rw-p 00000000 00:00 0 
7f1798021000-7f179c000000 ---p 00000000 00:00 0 
7f179c000000-7f179c021000 rw-p 00000000 00:00 0 
7f179c021000-7f17a0000000 ---p 00000000 00:00 0 
7f17a0000000-7f17a0021000 rw-p 00000000 00:00 0 
7f17a0021000-7f17a4000000 ---p 00000000 00:00 0 
7f17a4000000-7f17a4021000 rw-p 00000000 00:00 0 
7f17a4021000-7f17a8000000 ---p 00000000 00:00 0 
7f17a8000000-7f17a8021000 rw-p 00000000 00:00 0 
7f17a8021000-7f17ac000000 ---p 00000000 00:00 0 
7f17ac000000-7f17ac021000 rw-p 00000000 00:00 0 
7f17ac021000-7f17b0000000 ---p 00000000 00:00 0 
7f17b0000000-7f17b0021000 rw-p 00000000 00:00 0 
7f17b0021000-7f17b4000000 ---p 00000000 00:00 0 
7f17b4000000-7f17b4021000 rw-p 00000000 00:00 0 
7f17b4021000-7f17b8000000 ---p 00000000 00:00 0 
7f17b8000000-7f17b8021000 rw-p 00000000 00:00 0 
7f17b8021000-7f17bc000000 ---p 00000000 00:00 0 
7f17bc057000-7f17bc05b000 ---p 00000000 00:00 0 
7f17bc05b000-7f17bc158000 rw-p 00000000 00:00 0 
7f17bc158000-7f17bc15c000 ---p 00000000 00:00 0 
7f17bc15c000-7f17bc259000 rw-p 00000000 00:00 0 
7f17bc259000-7f17bc25d000 ---p 00000000 00:00 0 
7f17bc25d000-7f17bc35a000 rw-p 00000000 00:00 0 
7f17bc35a000-7f17bc35e000 ---p 00000000 00:00 0 
7f17bc35e000-7f17bc45b000 rw-p 00000000 00:00 0 
7f17bc45b000-7f17bc45c000 ---p 00000000 00:00 0 
7f17bc45c000-7f17bc9d7000 rw-p 00000000 00:00 0 
7f17bc9d7000-7f17bc9d8000 ---p 00000000 00:00 0 
7f17bc9d8000-7f17bcad9000 rw-p 00000000 00:00 0 
7f17bcad9000-7f17bcada000 ---p 00000000 00:00 0 
7f17bcada000-7f17bcc19000 rw-p 00000000 00:00 0 
7f17bcc19000-7f17bcfb5000 ---p 00000000 00:00 0 
7f17bcfb5000-7f17bcff3000 rw-p 00000000 00:00 0 
7f17bcff3000-7f17bd769000 ---p 00000000 00:00 0 
7f17bd769000-7f17bd7a7000 rw-p 00000000 00:00 0 
7f17bd7a7000-7f17bdb43000 ---p 00000000 00:00 0 
7f17bdb43000-7f17bddb3000 rwxp 00000000 00:00 0 
7f17bddb3000-7f17be0d3000 ---p 00000000 00:00 0 
7f17be0d3000-7f17be343000 rwxp 00000000 00:00 0 
7f17be343000-7f17c560b000 ---p 00000000 00:00 0 
7f17c560b000-7f17c587b000 rwxp 00000000 00:00 0 
7f17c587b000-7f17ccb43000 ---p 00000000 00:00 0 
7f17ccb43000-7f17d8000000 r--s 00000000 103:07 1059841                   /usr/lib/jvm/java-9-oracle/lib/modules
7f17d8000000-7f17d8318000 rw-p 00000000 00:00 0 
7f17d8318000-7f17dc000000 ---p 00000000 00:00 0 
7f17dc057000-7f17dc0b2000 rw-p 00000000 00:00 0 
7f17dc0b2000-7f17dc0b3000 ---p 00000000 00:00 0 
7f17dc0b3000-7f17dc1b4000 rw-p 00000000 00:00 0 
7f17dc1b4000-7f17dc1b5000 ---p 00000000 00:00 0 
7f17dc1b5000-7f17dc2b6000 rw-p 00000000 00:00 0 
7f17dc2b6000-7f17dc2b7000 ---p 00000000 00:00 0 
7f17dc2b7000-7f17dc3b8000 rw-p 00000000 00:00 0 
7f17dc3b8000-7f17dc3b9000 ---p 00000000 00:00 0 
7f17dc3b9000-7f17dc4ba000 rw-p 00000000 00:00 0 
7f17dc4ba000-7f17dc4bb000 ---p 00000000 00:00 0 
7f17dc4bb000-7f17dc9c0000 rw-p 00000000 00:00 0 
7f17dc9c0000-7f17dc9c1000 ---p 00000000 00:00 0 
7f17dc9c1000-7f17dcac2000 rw-p 00000000 00:00 0 
7f17dcac2000-7f17dcac3000 ---p 00000000 00:00 0 
7f17dcac3000-7f17dcbc4000 rw-p 00000000 00:00 0 
7f17dcbc4000-7f17dcbc5000 ---p 00000000 00:00 0 
7f17dcbc5000-7f17dccc6000 rw-p 00000000 00:00 0 
7f17dccc6000-7f17dccc7000 ---p 00000000 00:00 0 
7f17dccc7000-7f17dcdcd000 rw-p 00000000 00:00 0 
7f17dcdcd000-7f17dceb3000 ---p 00000000 00:00 0 
7f17dceb3000-7f17dceb8000 rw-p 00000000 00:00 0 
7f17dceb8000-7f17dcf9e000 ---p 00000000 00:00 0 
7f17dcf9e000-7f17dcfb8000 r-xp 00000000 103:07 1059814                   /usr/lib/jvm/java-9-oracle/lib/libjimage.so
7f17dcfb8000-7f17dd1b7000 ---p 0001a000 103:07 1059814                   /usr/lib/jvm/java-9-oracle/lib/libjimage.so
7f17dd1b7000-7f17dd1b9000 rw-p 00019000 103:07 1059814                   /usr/lib/jvm/java-9-oracle/lib/libjimage.so
7f17dd1b9000-7f17dd1cb000 rw-p 00000000 00:00 0 
7f17dd1cb000-7f17dd1d2000 r-xp 00000000 103:07 1059840                   /usr/lib/jvm/java-9-oracle/lib/libzip.so
7f17dd1d2000-7f17dd3d1000 ---p 00007000 103:07 1059840                   /usr/lib/jvm/java-9-oracle/lib/libzip.so
7f17dd3d1000-7f17dd3d2000 rw-p 00006000 103:07 1059840                   /usr/lib/jvm/java-9-oracle/lib/libzip.so
7f17dd3d2000-7f17dd3dd000 r-xp 00000000 103:07 1197978                   /lib/x86_64-linux-gnu/libnss_files-2.27.so
7f17dd3dd000-7f17dd5dc000 ---p 0000b000 103:07 1197978                   /lib/x86_64-linux-gnu/libnss_files-2.27.so
7f17dd5dc000-7f17dd5dd000 r--p 0000a000 103:07 1197978                   /lib/x86_64-linux-gnu/libnss_files-2.27.so
7f17dd5dd000-7f17dd5de000 rw-p 0000b000 103:07 1197978                   /lib/x86_64-linux-gnu/libnss_files-2.27.so
7f17dd5de000-7f17dd5e4000 rw-p 00000000 00:00 0 
7f17dd5e4000-7f17dd5fb000 r-xp 00000000 103:07 1197975                   /lib/x86_64-linux-gnu/libnsl-2.27.so
7f17dd5fb000-7f17dd7fa000 ---p 00017000 103:07 1197975                   /lib/x86_64-linux-gnu/libnsl-2.27.so
7f17dd7fa000-7f17dd7fb000 r--p 00016000 103:07 1197975                   /lib/x86_64-linux-gnu/libnsl-2.27.so
7f17dd7fb000-7f17dd7fc000 rw-p 00017000 103:07 1197975                   /lib/x86_64-linux-gnu/libnsl-2.27.so
7f17dd7fc000-7f17dd7fe000 rw-p 00000000 00:00 0 
7f17dd7fe000-7f17dd809000 r-xp 00000000 103:07 1197980                   /lib/x86_64-linux-gnu/libnss_nis-2.27.so
7f17dd809000-7f17dda08000 ---p 0000b000 103:07 1197980                   /lib/x86_64-linux-gnu/libnss_nis-2.27.so
7f17dda08000-7f17dda09000 r--p 0000a000 103:07 1197980                   /lib/x86_64-linux-gnu/libnss_nis-2.27.so
7f17dda09000-7f17dda0a000 rw-p 0000b000 103:07 1197980                   /lib/x86_64-linux-gnu/libnss_nis-2.27.so
7f17dda0a000-7f17dda12000 r-xp 00000000 103:07 1197976                   /lib/x86_64-linux-gnu/libnss_compat-2.27.so
7f17dda12000-7f17ddc12000 ---p 00008000 103:07 1197976                   /lib/x86_64-linux-gnu/libnss_compat-2.27.so
7f17ddc12000-7f17ddc13000 r--p 00008000 103:07 1197976                   /lib/x86_64-linux-gnu/libnss_compat-2.27.so
7f17ddc13000-7f17ddc14000 rw-p 00009000 103:07 1197976                   /lib/x86_64-linux-gnu/libnss_compat-2.27.so
7f17ddc14000-7f17de49b000 r--p 00000000 103:07 1046843                   /usr/lib/locale/locale-archive
7f17de49b000-7f17de4a5000 r-xp 00000000 103:07 1059797                   /usr/lib/jvm/java-9-oracle/lib/libinstrument.so
7f17de4a5000-7f17de6a4000 ---p 0000a000 103:07 1059797                   /usr/lib/jvm/java-9-oracle/lib/libinstrument.so
7f17de6a4000-7f17de6a5000 rw-p 00009000 103:07 1059797                   /usr/lib/jvm/java-9-oracle/lib/libinstrument.so
7f17de6a5000-7f17de6e0000 r-xp 00000000 103:07 1059810                   /usr/lib/jvm/java-9-oracle/lib/libjdwp.so
7f17de6e0000-7f17de8df000 ---p 0003b000 103:07 1059810                   /usr/lib/jvm/java-9-oracle/lib/libjdwp.so
7f17de8df000-7f17de8e0000 rw-p 0003a000 103:07 1059810                   /usr/lib/jvm/java-9-oracle/lib/libjdwp.so
7f17de8e0000-7f17de8e1000 rw-p 00000000 00:00 0 
7f17de8e1000-7f17de90c000 r-xp 00000000 103:07 1059802                   /usr/lib/jvm/java-9-oracle/lib/libjava.so
7f17de90c000-7f17deb0b000 ---p 0002b000 103:07 1059802                   /usr/lib/jvm/java-9-oracle/lib/libjava.so
7f17deb0b000-7f17deb0d000 rw-p 0002a000 103:07 1059802                   /usr/lib/jvm/java-9-oracle/lib/libjava.so
7f17deb0d000-7f17deb1a000 r-xp 00000000 103:07 1059839                   /usr/lib/jvm/java-9-oracle/lib/libverify.so
7f17deb1a000-7f17ded19000 ---p 0000d000 103:07 1059839                   /usr/lib/jvm/java-9-oracle/lib/libverify.so
7f17ded19000-7f17ded1b000 rw-p 0000c000 103:07 1059839                   /usr/lib/jvm/java-9-oracle/lib/libverify.so
7f17ded1b000-7f17ded22000 r-xp 00000000 103:07 1205926                   /lib/x86_64-linux-gnu/librt-2.27.so
7f17ded22000-7f17def21000 ---p 00007000 103:07 1205926                   /lib/x86_64-linux-gnu/librt-2.27.so
7f17def21000-7f17def22000 r--p 00006000 103:07 1205926                   /lib/x86_64-linux-gnu/librt-2.27.so
7f17def22000-7f17def23000 rw-p 00007000 103:07 1205926                   /lib/x86_64-linux-gnu/librt-2.27.so
7f17def23000-7f17df0c0000 r-xp 00000000 103:07 1197972                   /lib/x86_64-linux-gnu/libm-2.27.so
7f17df0c0000-7f17df2bf000 ---p 0019d000 103:07 1197972                   /lib/x86_64-linux-gnu/libm-2.27.so
7f17df2bf000-7f17df2c0000 r--p 0019c000 103:07 1197972                   /lib/x86_64-linux-gnu/libm-2.27.so
7f17df2c0000-7f17df2c1000 rw-p 0019d000 103:07 1197972                   /lib/x86_64-linux-gnu/libm-2.27.so
7f17df2c1000-7f17e02d6000 r-xp 00000000 103:07 1184214                   /usr/lib/jvm/java-9-oracle/lib/server/libjvm.so
7f17e02d6000-7f17e04d5000 ---p 01015000 103:07 1184214                   /usr/lib/jvm/java-9-oracle/lib/server/libjvm.so
7f17e04d5000-7f17e05a6000 r--p 01014000 103:07 1184214                   /usr/lib/jvm/java-9-oracle/lib/server/libjvm.so
7f17e05a6000-7f17e05dd000 rw-p 010e5000 103:07 1184214                   /usr/lib/jvm/java-9-oracle/lib/server/libjvm.so
7f17e05dd000-7f17e0646000 rw-p 00000000 00:00 0 
7f17e0646000-7f17e082d000 r-xp 00000000 103:07 1197968                   /lib/x86_64-linux-gnu/libc-2.27.so
7f17e082d000-7f17e0a2d000 ---p 001e7000 103:07 1197968                   /lib/x86_64-linux-gnu/libc-2.27.so
7f17e0a2d000-7f17e0a31000 r--p 001e7000 103:07 1197968                   /lib/x86_64-linux-gnu/libc-2.27.so
7f17e0a31000-7f17e0a33000 rw-p 001eb000 103:07 1197968                   /lib/x86_64-linux-gnu/libc-2.27.so
7f17e0a33000-7f17e0a37000 rw-p 00000000 00:00 0 
7f17e0a37000-7f17e0a3a000 r-xp 00000000 103:07 1197971                   /lib/x86_64-linux-gnu/libdl-2.27.so
7f17e0a3a000-7f17e0c39000 ---p 00003000 103:07 1197971                   /lib/x86_64-linux-gnu/libdl-2.27.so
7f17e0c39000-7f17e0c3a000 r--p 00002000 103:07 1197971                   /lib/x86_64-linux-gnu/libdl-2.27.so
7f17e0c3a000-7f17e0c3b000 rw-p 00003000 103:07 1197971                   /lib/x86_64-linux-gnu/libdl-2.27.so
7f17e0c3b000-7f17e0c49000 r-xp 00000000 103:07 1059886                   /usr/lib/jvm/java-9-oracle/lib/jli/libjli.so
7f17e0c49000-7f17e0e49000 ---p 0000e000 103:07 1059886                   /usr/lib/jvm/java-9-oracle/lib/jli/libjli.so
7f17e0e49000-7f17e0e4a000 rw-p 0000e000 103:07 1059886                   /usr/lib/jvm/java-9-oracle/lib/jli/libjli.so
7f17e0e4a000-7f17e0e64000 r-xp 00000000 103:07 1205922                   /lib/x86_64-linux-gnu/libpthread-2.27.so
7f17e0e64000-7f17e1063000 ---p 0001a000 103:07 1205922                   /lib/x86_64-linux-gnu/libpthread-2.27.so
7f17e1063000-7f17e1064000 r--p 00019000 103:07 1205922                   /lib/x86_64-linux-gnu/libpthread-2.27.so
7f17e1064000-7f17e1065000 rw-p 0001a000 103:07 1205922                   /lib/x86_64-linux-gnu/libpthread-2.27.so
7f17e1065000-7f17e1069000 rw-p 00000000 00:00 0 
7f17e1069000-7f17e1085000 r-xp 00000000 103:07 1206465                   /lib/x86_64-linux-gnu/libz.so.1.2.11
7f17e1085000-7f17e1284000 ---p 0001c000 103:07 1206465                   /lib/x86_64-linux-gnu/libz.so.1.2.11
7f17e1284000-7f17e1285000 r--p 0001b000 103:07 1206465                   /lib/x86_64-linux-gnu/libz.so.1.2.11
7f17e1285000-7f17e1286000 rw-p 0001c000 103:07 1206465                   /lib/x86_64-linux-gnu/libz.so.1.2.11
7f17e1286000-7f17e12ad000 r-xp 00000000 103:07 1197964                   /lib/x86_64-linux-gnu/ld-2.27.so
7f17e12c0000-7f17e137e000 rw-p 00000000 00:00 0 
7f17e137e000-7f17e137f000 ---p 00000000 00:00 0 
7f17e137f000-7f17e1380000 rw-p 00000000 00:00 0 
7f17e1380000-7f17e1384000 ---p 00000000 00:00 0 
7f17e1384000-7f17e1483000 rw-p 00000000 00:00 0 
7f17e148d000-7f17e1494000 r--s 00000000 103:07 262430                    /usr/lib/x86_64-linux-gnu/gconv/gconv-modules.cache
7f17e1494000-7f17e149a000 rw-p 00000000 00:00 0 
7f17e149a000-7f17e14a1000 ---p 00000000 00:00 0 
7f17e14a1000-7f17e14a3000 r--s 00001000 07:10 408                        /snap/intellij-idea-ultimate/86/lib/rt/debugger-agent-storage.jar
7f17e14a3000-7f17e14ab000 rw-s 00000000 103:07 916812                    /tmp/hsperfdata_varvara/875
7f17e14ab000-7f17e14ac000 rw-p 00000000 00:00 0 
7f17e14ac000-7f17e14ad000 ---p 00000000 00:00 0 
7f17e14ad000-7f17e14ae000 r--p 00027000 103:07 1197964                   /lib/x86_64-linux-gnu/ld-2.27.so
7f17e14ae000-7f17e14af000 rw-p 00028000 103:07 1197964                   /lib/x86_64-linux-gnu/ld-2.27.so
7f17e14af000-7f17e14b0000 rw-p 00000000 00:00 0 
7ffce075c000-7ffce077d000 rw-p 00000000 00:00 0                          [stack]
7ffce07f3000-7ffce07f6000 r--p 00000000 00:00 0                          [vvar]
7ffce07f6000-7ffce07f8000 r-xp 00000000 00:00 0                          [vdso]
ffffffffff600000-ffffffffff601000 r-xp 00000000 00:00 0                  [vsyscall]

VM Arguments:
jvm_args: -agentlib:jdwp=transport=dt_socket,address=127.0.0.1:46013,suspend=y,server=n -javaagent:/snap/intellij-idea-ultimate/86/lib/rt/debugger-agent.jar=file:/tmp/capture.props -Dfile.encoding=UTF-8 
java_command: Main
java_class_path (initial): /home/varvara/lab3/out/production/lab3:/snap/intellij-idea-ultimate/86/lib/idea_rt.jar
Launcher Type: SUN_STANDARD

Logging:
Log output configuration:
#0: stdout all=warning uptime,level,tags
#1: stderr all=off uptime,level,tags

Environment Variables:
JAVA_HOME=/usr/lib/jvm/java-9-oracle
PATH=/usr/local/sbin:/usr/local/bin:/usr/sbin:/usr/bin:/sbin:/bin:/usr/games:/usr/local/games:/snap/bin:/usr/lib/jvm/java-9-oracle/bin:/usr/lib/jvm/java-9-oracle/db/bin
USERNAME=varvara
SHELL=/bin/bash
DISPLAY=:0

Signal Handlers:
SIGSEGV: [libjvm.so+0xd4d370], sa_mask[0]=11111111011111111101111111111110, sa_flags=SA_RESTART|SA_SIGINFO
SIGBUS: [libjvm.so+0xd4d370], sa_mask[0]=11111111011111111101111111111110, sa_flags=SA_RESTART|SA_SIGINFO
SIGFPE: [libjvm.so+0xd4d370], sa_mask[0]=11111111011111111101111111111110, sa_flags=SA_RESTART|SA_SIGINFO
SIGPIPE: [libjvm.so+0xb64780], sa_mask[0]=11111111011111111101111111111110, sa_flags=SA_RESTART|SA_SIGINFO
SIGXFSZ: [libjvm.so+0xb64780], sa_mask[0]=11111111011111111101111111111110, sa_flags=SA_RESTART|SA_SIGINFO
SIGILL: [libjvm.so+0xd4d370], sa_mask[0]=11111111011111111101111111111110, sa_flags=SA_RESTART|SA_SIGINFO
SIGUSR2: [libjvm.so+0xb64640], sa_mask[0]=00100000000000000000000000000000, sa_flags=SA_RESTART|SA_SIGINFO
SIGHUP: [libjvm.so+0xb64850], sa_mask[0]=11111111011111111101111111111110, sa_flags=SA_RESTART|SA_SIGINFO
SIGINT: [libjvm.so+0xb64850], sa_mask[0]=11111111011111111101111111111110, sa_flags=SA_RESTART|SA_SIGINFO
SIGTERM: [libjvm.so+0xb64850], sa_mask[0]=11111111011111111101111111111110, sa_flags=SA_RESTART|SA_SIGINFO
SIGQUIT: [libjvm.so+0xb64850], sa_mask[0]=11111111011111111101111111111110, sa_flags=SA_RESTART|SA_SIGINFO


---------------  S Y S T E M  ---------------

OS:DISTRIB_ID=Ubuntu
DISTRIB_RELEASE=18.04
DISTRIB_CODENAME=bionic
DISTRIB_DESCRIPTION="Ubuntu 18.04.1 LTS"
uname:Linux 4.15.0-36-generic #39-Ubuntu SMP Mon Sep 24 16:19:09 UTC 2018 x86_64
libc:glibc 2.27 NPTL 2.27 
rlimit: STACK 8192k, CORE 0k, NPROC 30978, NOFILE 1048576, AS infinity
load average:2,79 1,32 1,09

/proc/meminfo:
MemTotal:        8075944 kB
MemFree:          206544 kB
MemAvailable:     320424 kB
Buffers:           17792 kB
Cached:          1177636 kB
SwapCached:        56936 kB
Active:          6337404 kB
Inactive:        1000428 kB
Active(anon):    6140880 kB
Inactive(anon):   896452 kB
Active(file):     196524 kB
Inactive(file):   103976 kB
Unevictable:       13884 kB
Mlocked:           13884 kB
SwapTotal:       3999740 kB
SwapFree:        1614560 kB
Dirty:             15104 kB
Writeback:             0 kB
AnonPages:       6144600 kB
Mapped:           755908 kB
Shmem:            890408 kB
Slab:             188616 kB
SReclaimable:      76048 kB
SUnreclaim:       112568 kB
KernelStack:       25760 kB
PageTables:       137724 kB
NFS_Unstable:          0 kB
Bounce:                0 kB
WritebackTmp:          0 kB
CommitLimit:     8037712 kB
Committed_AS:   25760916 kB
VmallocTotal:   34359738367 kB
VmallocUsed:           0 kB
VmallocChunk:          0 kB
HardwareCorrupted:     0 kB
AnonHugePages:         0 kB
ShmemHugePages:        0 kB
ShmemPmdMapped:        0 kB
CmaTotal:              0 kB
CmaFree:               0 kB
HugePages_Total:       0
HugePages_Free:        0
HugePages_Rsvd:        0
HugePages_Surp:        0
Hugepagesize:       2048 kB
DirectMap4k:      493172 kB
DirectMap2M:     7802880 kB
DirectMap1G:           0 kB


CPU:total 4 (initial active 4) (2 cores per cpu, 2 threads per core) family 6 model 142 stepping 9, cmov, cx8, fxsr, mmx, sse, sse2, sse3, ssse3, sse4.1, sse4.2, popcnt, avx, avx2, aes, clmul, erms, 3dnowpref, lzcnt, ht, tsc, tscinvbit, bmi1, bmi2, adx, fma
CPU Model and flags from /proc/cpuinfo:
model name	: Intel(R) Core(TM) i5-7200U CPU @ 2.50GHz
flags		: fpu vme de pse tsc msr pae mce cx8 apic sep mtrr pge mca cmov pat pse36 clflush dts acpi mmx fxsr sse sse2 ss ht tm pbe syscall nx pdpe1gb rdtscp lm constant_tsc art arch_perfmon pebs bts rep_good nopl xtopology nonstop_tsc cpuid aperfmperf tsc_known_freq pni pclmulqdq dtes64 monitor ds_cpl vmx est tm2 ssse3 sdbg fma cx16 xtpr pdcm pcid sse4_1 sse4_2 x2apic movbe popcnt tsc_deadline_timer aes xsave avx f16c rdrand lahf_lm abm 3dnowprefetch cpuid_fault epb invpcid_single pti ssbd ibrs ibpb stibp tpr_shadow vnmi flexpriority ept vpid fsgsbase tsc_adjust bmi1 avx2 smep bmi2 erms invpcid mpx rdseed adx smap clflushopt intel_pt xsaveopt xsavec xgetbv1 xsaves dtherm ida arat pln pts hwp hwp_notify hwp_act_window hwp_epp flush_l1d

Memory: 4k page, physical 8075944k(205304k free), swap 3999740k(1614560k free)

vm_info: Java HotSpot(TM) 64-Bit Server VM (9.0.4+11) for linux-amd64 JRE (9.0.4+11), built on Dec 19 2017 18:12:19 by "mach5one" with gcc 4.9.2

END.
