#
# A fatal error has been detected by the Java Runtime Environment:
#
#  SIGSEGV (0xb) at pc=0x00007f23b6a0c677, pid=759, tid=788
#
# JRE version: Java(TM) SE Runtime Environment (9.0+11) (build 9.0.4+11)
# Java VM: Java HotSpot(TM) 64-Bit Server VM (9.0.4+11, mixed mode, tiered, compressed oops, g1 gc, linux-amd64)
# Problematic frame:
# V  [libjvm.so+0x7a6677]  GenerateOopMap::mark_bbheaders_and_count_gc_points()+0x487
#
# Core dump will be written. Default location: Core dumps may be processed with "/usr/share/apport/apport %p %s %c %d %P" (or dumping to /home/varvara/lab3/core.759)
#
# If you would like to submit a bug report, please visit:
#   http://bugreport.java.com/bugreport/crash.jsp
#

---------------  S U M M A R Y ------------

Command Line: -agentlib:jdwp=transport=dt_socket,address=127.0.0.1:43241,suspend=y,server=n -javaagent:/snap/intellij-idea-ultimate/86/lib/rt/debugger-agent.jar=file:/tmp/capture.props -Dfile.encoding=UTF-8 Main

Host: Intel(R) Core(TM) i5-7200U CPU @ 2.50GHz, 4 cores, 7G, Ubuntu 18.04.1 LTS
Time: Sat Oct 20 10:16:43 2018 +03 elapsed time: 196 seconds (0d 0h 3m 16s)

---------------  T H R E A D  ---------------

Current thread (0x00007f23b015c800):  VMThread "VM Thread" [stack: 0x00007f2368e33000,0x00007f2368f33000] [id=788]

Stack: [0x00007f2368e33000,0x00007f2368f33000],  sp=0x00007f2368f31650,  free space=1017k
Native frames: (J=compiled Java code, A=aot compiled Java code, j=interpreted, Vv=VM code, C=native code)
V  [libjvm.so+0x7a6677]  GenerateOopMap::mark_bbheaders_and_count_gc_points()+0x487
V  [libjvm.so+0x7b05ec]  GenerateOopMap::compute_map(Thread*)+0x25c
V  [libjvm.so+0xb5a587]  OopMapForCacheEntry::compute_map(Thread*)+0x67
V  [libjvm.so+0xb5b1fc]  OopMapCacheEntry::fill(methodHandle, int)+0x12c
V  [libjvm.so+0xb5ba42]  OopMapCache::compute_one_oop_map(methodHandle const&, int, InterpreterOopMap*)+0x102
V  [libjvm.so+0xb5bd56]  OopMapCache::lookup(methodHandle const&, int, InterpreterOopMap*) const+0x216
V  [libjvm.so+0xafb584]  Method::mask_for(int, InterpreterOopMap*)+0x74
V  [libjvm.so+0x9a5a4d]  VM_GetOrSetLocal::doit()+0x4d
V  [libjvm.so+0xd5d4f9]  VM_Operation::evaluate()+0x59
V  [libjvm.so+0xd5b243]  VMThread::evaluate_operation(VM_Operation*)+0xc3
V  [libjvm.so+0xd5b7b0]  VMThread::loop()+0x210
V  [libjvm.so+0xd5bcc2]  VMThread::run()+0x72
V  [libjvm.so+0xb6e132]  thread_native_entry(Thread*)+0xf2


siginfo: si_signo: 11 (SIGSEGV), si_code: 128 (SI_KERNEL), si_addr: 0x0000000000000000

Register to memory mapping:

RAX=0x00007f23b00f91e0 is an unknown value
RBX=0x00000000000000aa is an unknown value
RCX=
[error occurred during error reporting (printing register info), id 0xb]

Registers:
RAX=0x00007f23b00f91e0, RBX=0x00000000000000aa, RCX=0x00000000ffffcae4, RDX=0x03ffffffffffff2b
RSP=0x00007f2368f31650, RBP=0x00007f2368f316f0, RSI=0xffffffffffffcae4, RDI=0x0000001000000000
R8 =0x0000000000000002, R9 =0x0000000000000018, R10=0x00007f2368f31b90, R11=0x0000000000000001
R12=0x00000000000000aa, R13=0x00007f236940c372, R14=0x00007f2368f318a0, R15=0x000000000000009e
RIP=0x00007f23b6a0c677, EFLAGS=0x0000000000010a07, CSGSFS=0x002b000000000033, ERR=0x0000000000000000
  TRAPNO=0x000000000000000d

Top of Stack: (sp=0x00007f2368f31650)
0x00007f2368f31650:   00007f2395962280 0000000000000000
0x00007f2368f31660:   00007f2368f31690 00007f2368f31680
0x00007f2368f31670:   00007f2368f31910 00007f2368f31690
0x00007f2368f31680:   0000000000000000 00007f23b00f9130 

Instructions: (pc=0x00007f23b6a0c677)
0x00007f23b6a0c657:   01 bf 01 00 00 00 66 c1 c8 08 98 42 8d 0c 20 49
0x00007f23b6a0c667:   8b 46 70 48 63 f1 48 d3 e7 48 89 f2 48 c1 ea 06
0x00007f23b6a0c677:   48 85 3c d0 75 17 48 8b 7d 80 ba 01 00 00 00 e8
0x00007f23b6a0c687:   95 af cc ff 41 83 46 6c 01 49 8b 46 70 41 8d 4c 

VM_Operation (0x00007f23681ffa10): GetOrSetLocal, mode: safepoint, requested by thread 0x00007f23b026c800


---------------  P R O C E S S  ---------------

Java Threads: ( => current thread )
  0x00007f23b029f000 JavaThread "Service Thread" daemon [_thread_blocked, id=813, stack(0x00007f233baf9000,0x00007f233bbfa000)]
  0x00007f2334001800 JavaThread "JDWP Command Reader" daemon [_thread_in_native, id=809, stack(0x00007f233bbfa000,0x00007f233bcfb000)]
  0x00007f23b0270800 JavaThread "JDWP Event Helper Thread" daemon [_thread_blocked, id=808, stack(0x00007f233bcfb000,0x00007f233bdfc000)]
  0x00007f23b026c800 JavaThread "JDWP Transport Listener: dt_socket" daemon [_thread_blocked, id=807, stack(0x00007f2368100000,0x00007f2368201000)]
  0x00007f23b01a7000 JavaThread "Common-Cleaner" daemon [_thread_blocked, id=805, stack(0x00007f2368201000,0x00007f2368302000)]
  0x00007f23b0190800 JavaThread "Sweeper thread" daemon [_thread_blocked, id=803, stack(0x00007f236872a000,0x00007f236882b000)]
  0x00007f23b018e800 JavaThread "C1 CompilerThread2" daemon [_thread_blocked, id=802, stack(0x00007f236882b000,0x00007f236892c000)]
  0x00007f23b018c800 JavaThread "C2 CompilerThread1" daemon [_thread_blocked, id=801, stack(0x00007f236892c000,0x00007f2368a2d000)]
  0x00007f23b018a800 JavaThread "C2 CompilerThread0" daemon [_thread_blocked, id=800, stack(0x00007f2368a2d000,0x00007f2368b2e000)]
  0x00007f23b0189000 JavaThread "Signal Dispatcher" daemon [_thread_blocked, id=796, stack(0x00007f2368b2e000,0x00007f2368c2f000)]
  0x00007f23b016e800 JavaThread "Finalizer" daemon [_thread_blocked, id=792, stack(0x00007f2368c2f000,0x00007f2368d30000)]
  0x00007f23b0166800 JavaThread "Reference Handler" daemon [_thread_blocked, id=791, stack(0x00007f2368d30000,0x00007f2368e31000)]
  0x00007f23b0017000 JavaThread "main" [_thread_blocked, id=762, stack(0x00007f23b8325000,0x00007f23b8424000)]

Other Threads:
=>0x00007f23b015c800 VMThread "VM Thread" [stack: 0x00007f2368e33000,0x00007f2368f33000] [id=788]
  0x00007f23b02a2800 WatcherThread [stack: 0x00007f233b9f9000,0x00007f233baf9000] [id=814]
  0x00007f23b002f000 GCTaskThread "GC Thread#0" [stack: 0x00007f239572b000,0x00007f239582b000] [id=774]
  0x00007f23b0030800 GCTaskThread "GC Thread#1" [stack: 0x00007f2395629000,0x00007f2395729000] [id=775]
  0x00007f23b0032000 GCTaskThread "GC Thread#2" [stack: 0x00007f2395527000,0x00007f2395627000] [id=776]
  0x00007f23b0034000 GCTaskThread "GC Thread#3" [stack: 0x00007f2395425000,0x00007f2395525000] [id=777]
  0x00007f23b0062800 ConcurrentGCThread "G1 Main Marker" [stack: 0x00007f2394261000,0x00007f2394361000] [id=783]
  0x00007f23b0064000 ConcurrentGCThread "G1 Marker#0" [stack: 0x00007f239415f000,0x00007f239425f000] [id=784]
  0x00007f23b003b000 ConcurrentGCThread "G1 Refine#0" [stack: 0x00007f2394c19000,0x00007f2394d19000] [id=781]
  0x00007f23b0039800 ConcurrentGCThread "G1 Refine#1" [stack: 0x00007f2394d1b000,0x00007f2394e1b000] [id=780]
  0x00007f23b0037800 ConcurrentGCThread "G1 Refine#2" [stack: 0x00007f2394e1d000,0x00007f2394f1d000] [id=779]
  0x00007f23b0036000 ConcurrentGCThread "G1 Refine#3" [stack: 0x00007f2394f1f000,0x00007f239501f000] [id=778]
  0x00007f23b003d000 ConcurrentGCThread "G1 Young RemSet Sampling" [stack: 0x00007f2394b17000,0x00007f2394c17000] [id=782]

Threads with active compile tasks:

VM state:at safepoint (normal execution)

VM Mutex/Monitor currently owned by a thread:  ([mutex/lock_event])
[0x00007f23b0013000] Threads_lock - owner thread: 0x00007f23b015c800

Heap address: 0x0000000084c00000, size: 1972 MB, Compressed Oops mode: 32-bit
Narrow klass base: 0x0000000000000000, Narrow klass shift: 3
Compressed class space size: 1073741824 Address: 0x0000000100000000

Heap:
 garbage-first heap   total 126976K, used 4096K [0x0000000084c00000, 0x0000000084d003e0, 0x0000000100000000)
  region size 1024K, 5 young (5120K), 0 survivors (0K)
 Metaspace       used 6918K, capacity 7110K, committed 7424K, reserved 1056768K
  class space    used 583K, capacity 652K, committed 768K, reserved 1048576K
Heap Regions: E=young(eden), S=young(survivor), O=old, HS=humongous(starts), HC=humongous(continues), CS=collection set, F=free, A=archive, TS=gc time stamp, AC=allocation context, TAMS=top-at-mark-start (previous, next)
|   0|0x0000000084c00000, 0x0000000084c00000, 0x0000000084d00000|  0%| F|  |TS  0|AC  0|TAMS 0x0000000084c00000, 0x0000000084c00000|
|   1|0x0000000084d00000, 0x0000000084d00000, 0x0000000084e00000|  0%| F|  |TS  0|AC  0|TAMS 0x0000000084d00000, 0x0000000084d00000|
|   2|0x0000000084e00000, 0x0000000084e00000, 0x0000000084f00000|  0%| F|  |TS  0|AC  0|TAMS 0x0000000084e00000, 0x0000000084e00000|
|   3|0x0000000084f00000, 0x0000000084f00000, 0x0000000085000000|  0%| F|  |TS  0|AC  0|TAMS 0x0000000084f00000, 0x0000000084f00000|
|   4|0x0000000085000000, 0x0000000085000000, 0x0000000085100000|  0%| F|  |TS  0|AC  0|TAMS 0x0000000085000000, 0x0000000085000000|
|   5|0x0000000085100000, 0x0000000085100000, 0x0000000085200000|  0%| F|  |TS  0|AC  0|TAMS 0x0000000085100000, 0x0000000085100000|
|   6|0x0000000085200000, 0x0000000085200000, 0x0000000085300000|  0%| F|  |TS  0|AC  0|TAMS 0x0000000085200000, 0x0000000085200000|
|   7|0x0000000085300000, 0x0000000085300000, 0x0000000085400000|  0%| F|  |TS  0|AC  0|TAMS 0x0000000085300000, 0x0000000085300000|
|   8|0x0000000085400000, 0x0000000085400000, 0x0000000085500000|  0%| F|  |TS  0|AC  0|TAMS 0x0000000085400000, 0x0000000085400000|
|   9|0x0000000085500000, 0x0000000085500000, 0x0000000085600000|  0%| F|  |TS  0|AC  0|TAMS 0x0000000085500000, 0x0000000085500000|
|  10|0x0000000085600000, 0x0000000085600000, 0x0000000085700000|  0%| F|  |TS  0|AC  0|TAMS 0x0000000085600000, 0x0000000085600000|
|  11|0x0000000085700000, 0x0000000085700000, 0x0000000085800000|  0%| F|  |TS  0|AC  0|TAMS 0x0000000085700000, 0x0000000085700000|
|  12|0x0000000085800000, 0x0000000085800000, 0x0000000085900000|  0%| F|  |TS  0|AC  0|TAMS 0x0000000085800000, 0x0000000085800000|
|  13|0x0000000085900000, 0x0000000085900000, 0x0000000085a00000|  0%| F|  |TS  0|AC  0|TAMS 0x0000000085900000, 0x0000000085900000|
|  14|0x0000000085a00000, 0x0000000085a00000, 0x0000000085b00000|  0%| F|  |TS  0|AC  0|TAMS 0x0000000085a00000, 0x0000000085a00000|
|  15|0x0000000085b00000, 0x0000000085b00000, 0x0000000085c00000|  0%| F|  |TS  0|AC  0|TAMS 0x0000000085b00000, 0x0000000085b00000|
|  16|0x0000000085c00000, 0x0000000085c00000, 0x0000000085d00000|  0%| F|  |TS  0|AC  0|TAMS 0x0000000085c00000, 0x0000000085c00000|
|  17|0x0000000085d00000, 0x0000000085d00000, 0x0000000085e00000|  0%| F|  |TS  0|AC  0|TAMS 0x0000000085d00000, 0x0000000085d00000|
|  18|0x0000000085e00000, 0x0000000085e00000, 0x0000000085f00000|  0%| F|  |TS  0|AC  0|TAMS 0x0000000085e00000, 0x0000000085e00000|
|  19|0x0000000085f00000, 0x0000000085f00000, 0x0000000086000000|  0%| F|  |TS  0|AC  0|TAMS 0x0000000085f00000, 0x0000000085f00000|
|  20|0x0000000086000000, 0x0000000086000000, 0x0000000086100000|  0%| F|  |TS  0|AC  0|TAMS 0x0000000086000000, 0x0000000086000000|
|  21|0x0000000086100000, 0x0000000086100000, 0x0000000086200000|  0%| F|  |TS  0|AC  0|TAMS 0x0000000086100000, 0x0000000086100000|
|  22|0x0000000086200000, 0x0000000086200000, 0x0000000086300000|  0%| F|  |TS  0|AC  0|TAMS 0x0000000086200000, 0x0000000086200000|
|  23|0x0000000086300000, 0x0000000086300000, 0x0000000086400000|  0%| F|  |TS  0|AC  0|TAMS 0x0000000086300000, 0x0000000086300000|
|  24|0x0000000086400000, 0x0000000086400000, 0x0000000086500000|  0%| F|  |TS  0|AC  0|TAMS 0x0000000086400000, 0x0000000086400000|
|  25|0x0000000086500000, 0x0000000086500000, 0x0000000086600000|  0%| F|  |TS  0|AC  0|TAMS 0x0000000086500000, 0x0000000086500000|
|  26|0x0000000086600000, 0x0000000086600000, 0x0000000086700000|  0%| F|  |TS  0|AC  0|TAMS 0x0000000086600000, 0x0000000086600000|
|  27|0x0000000086700000, 0x0000000086700000, 0x0000000086800000|  0%| F|  |TS  0|AC  0|TAMS 0x0000000086700000, 0x0000000086700000|
|  28|0x0000000086800000, 0x0000000086800000, 0x0000000086900000|  0%| F|  |TS  0|AC  0|TAMS 0x0000000086800000, 0x0000000086800000|
|  29|0x0000000086900000, 0x0000000086900000, 0x0000000086a00000|  0%| F|  |TS  0|AC  0|TAMS 0x0000000086900000, 0x0000000086900000|
|  30|0x0000000086a00000, 0x0000000086a00000, 0x0000000086b00000|  0%| F|  |TS  0|AC  0|TAMS 0x0000000086a00000, 0x0000000086a00000|
|  31|0x0000000086b00000, 0x0000000086b00000, 0x0000000086c00000|  0%| F|  |TS  0|AC  0|TAMS 0x0000000086b00000, 0x0000000086b00000|
|  32|0x0000000086c00000, 0x0000000086c00000, 0x0000000086d00000|  0%| F|  |TS  0|AC  0|TAMS 0x0000000086c00000, 0x0000000086c00000|
|  33|0x0000000086d00000, 0x0000000086d00000, 0x0000000086e00000|  0%| F|  |TS  0|AC  0|TAMS 0x0000000086d00000, 0x0000000086d00000|
|  34|0x0000000086e00000, 0x0000000086e00000, 0x0000000086f00000|  0%| F|  |TS  0|AC  0|TAMS 0x0000000086e00000, 0x0000000086e00000|
|  35|0x0000000086f00000, 0x0000000086f00000, 0x0000000087000000|  0%| F|  |TS  0|AC  0|TAMS 0x0000000086f00000, 0x0000000086f00000|
|  36|0x0000000087000000, 0x0000000087000000, 0x0000000087100000|  0%| F|  |TS  0|AC  0|TAMS 0x0000000087000000, 0x0000000087000000|
|  37|0x0000000087100000, 0x0000000087100000, 0x0000000087200000|  0%| F|  |TS  0|AC  0|TAMS 0x0000000087100000, 0x0000000087100000|
|  38|0x0000000087200000, 0x0000000087200000, 0x0000000087300000|  0%| F|  |TS  0|AC  0|TAMS 0x0000000087200000, 0x0000000087200000|
|  39|0x0000000087300000, 0x0000000087300000, 0x0000000087400000|  0%| F|  |TS  0|AC  0|TAMS 0x0000000087300000, 0x0000000087300000|
|  40|0x0000000087400000, 0x0000000087400000, 0x0000000087500000|  0%| F|  |TS  0|AC  0|TAMS 0x0000000087400000, 0x0000000087400000|
|  41|0x0000000087500000, 0x0000000087500000, 0x0000000087600000|  0%| F|  |TS  0|AC  0|TAMS 0x0000000087500000, 0x0000000087500000|
|  42|0x0000000087600000, 0x0000000087600000, 0x0000000087700000|  0%| F|  |TS  0|AC  0|TAMS 0x0000000087600000, 0x0000000087600000|
|  43|0x0000000087700000, 0x0000000087700000, 0x0000000087800000|  0%| F|  |TS  0|AC  0|TAMS 0x0000000087700000, 0x0000000087700000|
|  44|0x0000000087800000, 0x0000000087800000, 0x0000000087900000|  0%| F|  |TS  0|AC  0|TAMS 0x0000000087800000, 0x0000000087800000|
|  45|0x0000000087900000, 0x0000000087900000, 0x0000000087a00000|  0%| F|  |TS  0|AC  0|TAMS 0x0000000087900000, 0x0000000087900000|
|  46|0x0000000087a00000, 0x0000000087a00000, 0x0000000087b00000|  0%| F|  |TS  0|AC  0|TAMS 0x0000000087a00000, 0x0000000087a00000|
|  47|0x0000000087b00000, 0x0000000087b00000, 0x0000000087c00000|  0%| F|  |TS  0|AC  0|TAMS 0x0000000087b00000, 0x0000000087b00000|
|  48|0x0000000087c00000, 0x0000000087c00000, 0x0000000087d00000|  0%| F|  |TS  0|AC  0|TAMS 0x0000000087c00000, 0x0000000087c00000|
|  49|0x0000000087d00000, 0x0000000087d00000, 0x0000000087e00000|  0%| F|  |TS  0|AC  0|TAMS 0x0000000087d00000, 0x0000000087d00000|
|  50|0x0000000087e00000, 0x0000000087e00000, 0x0000000087f00000|  0%| F|  |TS  0|AC  0|TAMS 0x0000000087e00000, 0x0000000087e00000|
|  51|0x0000000087f00000, 0x0000000087f00000, 0x0000000088000000|  0%| F|  |TS  0|AC  0|TAMS 0x0000000087f00000, 0x0000000087f00000|
|  52|0x0000000088000000, 0x0000000088000000, 0x0000000088100000|  0%| F|  |TS  0|AC  0|TAMS 0x0000000088000000, 0x0000000088000000|
|  53|0x0000000088100000, 0x0000000088100000, 0x0000000088200000|  0%| F|  |TS  0|AC  0|TAMS 0x0000000088100000, 0x0000000088100000|
|  54|0x0000000088200000, 0x0000000088200000, 0x0000000088300000|  0%| F|  |TS  0|AC  0|TAMS 0x0000000088200000, 0x0000000088200000|
|  55|0x0000000088300000, 0x0000000088300000, 0x0000000088400000|  0%| F|  |TS  0|AC  0|TAMS 0x0000000088300000, 0x0000000088300000|
|  56|0x0000000088400000, 0x0000000088400000, 0x0000000088500000|  0%| F|  |TS  0|AC  0|TAMS 0x0000000088400000, 0x0000000088400000|
|  57|0x0000000088500000, 0x0000000088500000, 0x0000000088600000|  0%| F|  |TS  0|AC  0|TAMS 0x0000000088500000, 0x0000000088500000|
|  58|0x0000000088600000, 0x0000000088600000, 0x0000000088700000|  0%| F|  |TS  0|AC  0|TAMS 0x0000000088600000, 0x0000000088600000|
|  59|0x0000000088700000, 0x0000000088700000, 0x0000000088800000|  0%| F|  |TS  0|AC  0|TAMS 0x0000000088700000, 0x0000000088700000|
|  60|0x0000000088800000, 0x0000000088800000, 0x0000000088900000|  0%| F|  |TS  0|AC  0|TAMS 0x0000000088800000, 0x0000000088800000|
|  61|0x0000000088900000, 0x0000000088900000, 0x0000000088a00000|  0%| F|  |TS  0|AC  0|TAMS 0x0000000088900000, 0x0000000088900000|
|  62|0x0000000088a00000, 0x0000000088a00000, 0x0000000088b00000|  0%| F|  |TS  0|AC  0|TAMS 0x0000000088a00000, 0x0000000088a00000|
|  63|0x0000000088b00000, 0x0000000088b00000, 0x0000000088c00000|  0%| F|  |TS  0|AC  0|TAMS 0x0000000088b00000, 0x0000000088b00000|
|  64|0x0000000088c00000, 0x0000000088c00000, 0x0000000088d00000|  0%| F|  |TS  0|AC  0|TAMS 0x0000000088c00000, 0x0000000088c00000|
|  65|0x0000000088d00000, 0x0000000088d00000, 0x0000000088e00000|  0%| F|  |TS  0|AC  0|TAMS 0x0000000088d00000, 0x0000000088d00000|
|  66|0x0000000088e00000, 0x0000000088e00000, 0x0000000088f00000|  0%| F|  |TS  0|AC  0|TAMS 0x0000000088e00000, 0x0000000088e00000|
|  67|0x0000000088f00000, 0x0000000088f00000, 0x0000000089000000|  0%| F|  |TS  0|AC  0|TAMS 0x0000000088f00000, 0x0000000088f00000|
|  68|0x0000000089000000, 0x0000000089000000, 0x0000000089100000|  0%| F|  |TS  0|AC  0|TAMS 0x0000000089000000, 0x0000000089000000|
|  69|0x0000000089100000, 0x0000000089100000, 0x0000000089200000|  0%| F|  |TS  0|AC  0|TAMS 0x0000000089100000, 0x0000000089100000|
|  70|0x0000000089200000, 0x0000000089200000, 0x0000000089300000|  0%| F|  |TS  0|AC  0|TAMS 0x0000000089200000, 0x0000000089200000|
|  71|0x0000000089300000, 0x0000000089300000, 0x0000000089400000|  0%| F|  |TS  0|AC  0|TAMS 0x0000000089300000, 0x0000000089300000|
|  72|0x0000000089400000, 0x0000000089400000, 0x0000000089500000|  0%| F|  |TS  0|AC  0|TAMS 0x0000000089400000, 0x0000000089400000|
|  73|0x0000000089500000, 0x0000000089500000, 0x0000000089600000|  0%| F|  |TS  0|AC  0|TAMS 0x0000000089500000, 0x0000000089500000|
|  74|0x0000000089600000, 0x0000000089600000, 0x0000000089700000|  0%| F|  |TS  0|AC  0|TAMS 0x0000000089600000, 0x0000000089600000|
|  75|0x0000000089700000, 0x0000000089700000, 0x0000000089800000|  0%| F|  |TS  0|AC  0|TAMS 0x0000000089700000, 0x0000000089700000|
|  76|0x0000000089800000, 0x0000000089800000, 0x0000000089900000|  0%| F|  |TS  0|AC  0|TAMS 0x0000000089800000, 0x0000000089800000|
|  77|0x0000000089900000, 0x0000000089900000, 0x0000000089a00000|  0%| F|  |TS  0|AC  0|TAMS 0x0000000089900000, 0x0000000089900000|
|  78|0x0000000089a00000, 0x0000000089a00000, 0x0000000089b00000|  0%| F|  |TS  0|AC  0|TAMS 0x0000000089a00000, 0x0000000089a00000|
|  79|0x0000000089b00000, 0x0000000089b00000, 0x0000000089c00000|  0%| F|  |TS  0|AC  0|TAMS 0x0000000089b00000, 0x0000000089b00000|
|  80|0x0000000089c00000, 0x0000000089c00000, 0x0000000089d00000|  0%| F|  |TS  0|AC  0|TAMS 0x0000000089c00000, 0x0000000089c00000|
|  81|0x0000000089d00000, 0x0000000089d00000, 0x0000000089e00000|  0%| F|  |TS  0|AC  0|TAMS 0x0000000089d00000, 0x0000000089d00000|
|  82|0x0000000089e00000, 0x0000000089e00000, 0x0000000089f00000|  0%| F|  |TS  0|AC  0|TAMS 0x0000000089e00000, 0x0000000089e00000|
|  83|0x0000000089f00000, 0x0000000089f00000, 0x000000008a000000|  0%| F|  |TS  0|AC  0|TAMS 0x0000000089f00000, 0x0000000089f00000|
|  84|0x000000008a000000, 0x000000008a000000, 0x000000008a100000|  0%| F|  |TS  0|AC  0|TAMS 0x000000008a000000, 0x000000008a000000|
|  85|0x000000008a100000, 0x000000008a100000, 0x000000008a200000|  0%| F|  |TS  0|AC  0|TAMS 0x000000008a100000, 0x000000008a100000|
|  86|0x000000008a200000, 0x000000008a200000, 0x000000008a300000|  0%| F|  |TS  0|AC  0|TAMS 0x000000008a200000, 0x000000008a200000|
|  87|0x000000008a300000, 0x000000008a300000, 0x000000008a400000|  0%| F|  |TS  0|AC  0|TAMS 0x000000008a300000, 0x000000008a300000|
|  88|0x000000008a400000, 0x000000008a400000, 0x000000008a500000|  0%| F|  |TS  0|AC  0|TAMS 0x000000008a400000, 0x000000008a400000|
|  89|0x000000008a500000, 0x000000008a500000, 0x000000008a600000|  0%| F|  |TS  0|AC  0|TAMS 0x000000008a500000, 0x000000008a500000|
|  90|0x000000008a600000, 0x000000008a600000, 0x000000008a700000|  0%| F|  |TS  0|AC  0|TAMS 0x000000008a600000, 0x000000008a600000|
|  91|0x000000008a700000, 0x000000008a700000, 0x000000008a800000|  0%| F|  |TS  0|AC  0|TAMS 0x000000008a700000, 0x000000008a700000|
|  92|0x000000008a800000, 0x000000008a800000, 0x000000008a900000|  0%| F|  |TS  0|AC  0|TAMS 0x000000008a800000, 0x000000008a800000|
|  93|0x000000008a900000, 0x000000008a900000, 0x000000008aa00000|  0%| F|  |TS  0|AC  0|TAMS 0x000000008a900000, 0x000000008a900000|
|  94|0x000000008aa00000, 0x000000008aa00000, 0x000000008ab00000|  0%| F|  |TS  0|AC  0|TAMS 0x000000008aa00000, 0x000000008aa00000|
|  95|0x000000008ab00000, 0x000000008ab00000, 0x000000008ac00000|  0%| F|  |TS  0|AC  0|TAMS 0x000000008ab00000, 0x000000008ab00000|
|  96|0x000000008ac00000, 0x000000008ac00000, 0x000000008ad00000|  0%| F|  |TS  0|AC  0|TAMS 0x000000008ac00000, 0x000000008ac00000|
|  97|0x000000008ad00000, 0x000000008ad00000, 0x000000008ae00000|  0%| F|  |TS  0|AC  0|TAMS 0x000000008ad00000, 0x000000008ad00000|
|  98|0x000000008ae00000, 0x000000008ae00000, 0x000000008af00000|  0%| F|  |TS  0|AC  0|TAMS 0x000000008ae00000, 0x000000008ae00000|
|  99|0x000000008af00000, 0x000000008af00000, 0x000000008b000000|  0%| F|  |TS  0|AC  0|TAMS 0x000000008af00000, 0x000000008af00000|
| 100|0x000000008b000000, 0x000000008b000000, 0x000000008b100000|  0%| F|  |TS  0|AC  0|TAMS 0x000000008b000000, 0x000000008b000000|
| 101|0x000000008b100000, 0x000000008b100000, 0x000000008b200000|  0%| F|  |TS  0|AC  0|TAMS 0x000000008b100000, 0x000000008b100000|
| 102|0x000000008b200000, 0x000000008b200000, 0x000000008b300000|  0%| F|  |TS  0|AC  0|TAMS 0x000000008b200000, 0x000000008b200000|
| 103|0x000000008b300000, 0x000000008b300000, 0x000000008b400000|  0%| F|  |TS  0|AC  0|TAMS 0x000000008b300000, 0x000000008b300000|
| 104|0x000000008b400000, 0x000000008b400000, 0x000000008b500000|  0%| F|  |TS  0|AC  0|TAMS 0x000000008b400000, 0x000000008b400000|
| 105|0x000000008b500000, 0x000000008b500000, 0x000000008b600000|  0%| F|  |TS  0|AC  0|TAMS 0x000000008b500000, 0x000000008b500000|
| 106|0x000000008b600000, 0x000000008b600000, 0x000000008b700000|  0%| F|  |TS  0|AC  0|TAMS 0x000000008b600000, 0x000000008b600000|
| 107|0x000000008b700000, 0x000000008b700000, 0x000000008b800000|  0%| F|  |TS  0|AC  0|TAMS 0x000000008b700000, 0x000000008b700000|
| 108|0x000000008b800000, 0x000000008b800000, 0x000000008b900000|  0%| F|  |TS  0|AC  0|TAMS 0x000000008b800000, 0x000000008b800000|
| 109|0x000000008b900000, 0x000000008b900000, 0x000000008ba00000|  0%| F|  |TS  0|AC  0|TAMS 0x000000008b900000, 0x000000008b900000|
| 110|0x000000008ba00000, 0x000000008ba00000, 0x000000008bb00000|  0%| F|  |TS  0|AC  0|TAMS 0x000000008ba00000, 0x000000008ba00000|
| 111|0x000000008bb00000, 0x000000008bb00000, 0x000000008bc00000|  0%| F|  |TS  0|AC  0|TAMS 0x000000008bb00000, 0x000000008bb00000|
| 112|0x000000008bc00000, 0x000000008bc00000, 0x000000008bd00000|  0%| F|  |TS  0|AC  0|TAMS 0x000000008bc00000, 0x000000008bc00000|
| 113|0x000000008bd00000, 0x000000008bd00000, 0x000000008be00000|  0%| F|  |TS  0|AC  0|TAMS 0x000000008bd00000, 0x000000008bd00000|
| 114|0x000000008be00000, 0x000000008be00000, 0x000000008bf00000|  0%| F|  |TS  0|AC  0|TAMS 0x000000008be00000, 0x000000008be00000|
| 115|0x000000008bf00000, 0x000000008bf00000, 0x000000008c000000|  0%| F|  |TS  0|AC  0|TAMS 0x000000008bf00000, 0x000000008bf00000|
| 116|0x000000008c000000, 0x000000008c000000, 0x000000008c100000|  0%| F|  |TS  0|AC  0|TAMS 0x000000008c000000, 0x000000008c000000|
| 117|0x000000008c100000, 0x000000008c100000, 0x000000008c200000|  0%| F|  |TS  0|AC  0|TAMS 0x000000008c100000, 0x000000008c100000|
| 118|0x000000008c200000, 0x000000008c200000, 0x000000008c300000|  0%| F|  |TS  0|AC  0|TAMS 0x000000008c200000, 0x000000008c200000|
| 119|0x000000008c300000, 0x000000008c400000, 0x000000008c400000|100%| E|  |TS  0|AC  0|TAMS 0x000000008c300000, 0x000000008c300000|
| 120|0x000000008c400000, 0x000000008c500000, 0x000000008c500000|100%| E|CS|TS  0|AC  0|TAMS 0x000000008c400000, 0x000000008c400000|
| 121|0x000000008c500000, 0x000000008c600000, 0x000000008c600000|100%| E|CS|TS  0|AC  0|TAMS 0x000000008c500000, 0x000000008c500000|
| 122|0x000000008c600000, 0x000000008c700000, 0x000000008c700000|100%| E|CS|TS  0|AC  0|TAMS 0x000000008c600000, 0x000000008c600000|
| 123|0x000000008c700000, 0x000000008c800000, 0x000000008c800000|100%| E|CS|TS  0|AC  0|TAMS 0x000000008c700000, 0x000000008c700000|

Card table byte_map: [0x00007f236fc26000,0x00007f2370000000] byte_map_base: 0x00007f236f800000

Marking Bits (Prev, Next): (CMBitMap*) 0x00007f23b0061730, (CMBitMap*) 0x00007f23b0061768
 Prev Bits: [0x00007f236d97c000, 0x00007f236f84c000)
 Next Bits: [0x00007f236baac000, 0x00007f236d97c000)

Polling page: 0x00007f23b8451000

CodeHeap 'non-profiled nmethods': size=120032Kb used=89Kb max_used=89Kb free=119942Kb
 bounds [0x00007f239d3de000, 0x00007f239d64e000, 0x00007f23a4916000]
CodeHeap 'profiled nmethods': size=120032Kb used=421Kb max_used=421Kb free=119610Kb
 bounds [0x00007f2395ea6000, 0x00007f2396116000, 0x00007f239d3de000]
CodeHeap 'non-nmethods': size=5696Kb used=1181Kb max_used=1191Kb free=4514Kb
 bounds [0x00007f2395916000, 0x00007f2395b86000, 0x00007f2395ea6000]
 total_blobs=726 nmethods=320 adapters=252
 compilation: enabled

Compilation events (10 events):
Event: 0,509 Thread 0x00007f23b018e800  317       3       java.util.regex.Pattern::closure (365 bytes)
Event: 0,520 Thread 0x00007f23b018e800 nmethod 317 0x00007f2395f09190 code [0x00007f2395f09700, 0x00007f2395f0c668]
Event: 0,520 Thread 0x00007f23b018e800  315       3       jdk.internal.org.objectweb.asm.ByteVector::put12 (64 bytes)
Event: 0,521 Thread 0x00007f23b018e800 nmethod 315 0x00007f2395f0d690 code [0x00007f2395f0d860, 0x00007f2395f0dae8]
Event: 0,521 Thread 0x00007f23b018e800  314       3       java.lang.invoke.MethodType$ConcurrentWeakInternSet::get (54 bytes)
Event: 0,522 Thread 0x00007f23b018e800 nmethod 314 0x00007f2395f0dc90 code [0x00007f2395f0df20, 0x00007f2395f0ec58]
Event: 0,522 Thread 0x00007f23b018e800  318       3       java.lang.invoke.DirectMethodHandle::internalMemberName (8 bytes)
Event: 0,522 Thread 0x00007f23b018e800 nmethod 318 0x00007f2395f0f110 code [0x00007f2395f0f2c0, 0x00007f2395f0f4f0]
Event: 0,522 Thread 0x00007f23b018e800  320       1       java.nio.Buffer::limit (5 bytes)
Event: 0,522 Thread 0x00007f23b018e800 nmethod 320 0x00007f239d3f4290 code [0x00007f239d3f4440, 0x00007f239d3f4550]

GC Heap History (0 events):
No events

Deoptimization events (2 events):
Event: 0,492 Thread 0x00007f23b0017000 Uncommon trap: reason=unstable_if action=reinterpret pc=0x00007f239d3ea21c method=java.lang.String.charAt(I)C @ 4 c2
Event: 0,507 Thread 0x00007f23b0017000 Uncommon trap: reason=unstable_if action=reinterpret pc=0x00007f239d3f291c method=java.lang.String.equals(Ljava/lang/Object;)Z @ 27 c2

Classes redefined (2 events):
Event: 160,862 Thread 0x00007f23b015c800 redefined class name=Main, count=1
Event: 196,595 Thread 0x00007f23b015c800 redefined class name=Main, count=2

Internal exceptions (3 events):
Event: 0,427 Thread 0x00007f23b0017000 MyException <a 'java/lang/NoSuchMethodError'{0x000000008c4ba088}: java.lang.Object.lambda$negate$3(I)Z> (0x000000008c4ba088) thrown at [/scratch/opt/mach5/mesos/work_dir/slaves/5af44a71-976a-41b7-81de-5773b84ec572-S39643/frameworks/1735e8a2-a1db-478c-8104-6
Event: 0,428 Thread 0x00007f23b0017000 MyException <a 'java/lang/NoSuchMethodError'{0x000000008c4bd4e0}: java.lang.Object.lambda$and$0(Ljava/util/regex/Pattern$CharPredicate;I)Z> (0x000000008c4bd4e0) thrown at [/scratch/opt/mach5/mesos/work_dir/slaves/5af44a71-976a-41b7-81de-5773b84ec572-S39643/
Event: 0,504 Thread 0x00007f23b0017000 MyException <a 'java/lang/NoSuchMethodError'{0x000000008c3c09c0}: java.lang.Object.lambda$union$2(Ljava/util/regex/Pattern$CharPredicate;I)Z> (0x000000008c3c09c0) thrown at [/scratch/opt/mach5/mesos/work_dir/slaves/5af44a71-976a-41b7-81de-5773b84ec572-S3964

Events (10 events):
Event: 196,599 Executing VM operation: GetFrameLocation done
Event: 196,611 Executing VM operation: ChangeBreakpoints
Event: 196,611 Executing VM operation: ChangeBreakpoints done
Event: 196,613 Executing VM operation: ChangeBreakpoints
Event: 196,613 Executing VM operation: ChangeBreakpoints done
Event: 196,638 Executing VM operation: GetFrameCount
Event: 196,638 Executing VM operation: GetFrameCount done
Event: 196,638 Executing VM operation: GetFrameLocation
Event: 196,638 Executing VM operation: GetFrameLocation done
Event: 196,679 Executing VM operation: GetOrSetLocal


Dynamic libraries:
00400000-00401000 r-xp 00000000 103:07 1059425                           /usr/lib/jvm/java-9-oracle/bin/java
00600000-00601000 rw-p 00000000 103:07 1059425                           /usr/lib/jvm/java-9-oracle/bin/java
01560000-01581000 rw-p 00000000 00:00 0                                  [heap]
84c00000-8c800000 rw-p 00000000 00:00 0 
8c800000-100000000 ---p 00000000 00:00 0 
100000000-1000c0000 rw-p 00000000 00:00 0 
1000c0000-140000000 ---p 00000000 00:00 0 
7f2324000000-7f2324021000 rw-p 00000000 00:00 0 
7f2324021000-7f2328000000 ---p 00000000 00:00 0 
7f2328000000-7f2328021000 rw-p 00000000 00:00 0 
7f2328021000-7f232c000000 ---p 00000000 00:00 0 
7f232c000000-7f232c021000 rw-p 00000000 00:00 0 
7f232c021000-7f2330000000 ---p 00000000 00:00 0 
7f2330000000-7f2330021000 rw-p 00000000 00:00 0 
7f2330021000-7f2334000000 ---p 00000000 00:00 0 
7f2334000000-7f2334025000 rw-p 00000000 00:00 0 
7f2334025000-7f2338000000 ---p 00000000 00:00 0 
7f233b6c9000-7f233b9f7000 rw-p 00000000 00:00 0 
7f233b9f7000-7f233b9f8000 ---p 00000000 00:00 0 
7f233b9f8000-7f233baf9000 rw-p 00000000 00:00 0 
7f233baf9000-7f233bafd000 ---p 00000000 00:00 0 
7f233bafd000-7f233bbfa000 rw-p 00000000 00:00 0 
7f233bbfa000-7f233bbfe000 ---p 00000000 00:00 0 
7f233bbfe000-7f233bcfb000 rw-p 00000000 00:00 0 
7f233bcfb000-7f233bcff000 ---p 00000000 00:00 0 
7f233bcff000-7f233bdfc000 rw-p 00000000 00:00 0 
7f233bdfc000-7f233be00000 r-xp 00000000 103:07 1059790                   /usr/lib/jvm/java-9-oracle/lib/libdt_socket.so
7f233be00000-7f233bfff000 ---p 00004000 103:07 1059790                   /usr/lib/jvm/java-9-oracle/lib/libdt_socket.so
7f233bfff000-7f233c000000 rw-p 00003000 103:07 1059790                   /usr/lib/jvm/java-9-oracle/lib/libdt_socket.so
7f233c000000-7f233c021000 rw-p 00000000 00:00 0 
7f233c021000-7f2340000000 ---p 00000000 00:00 0 
7f2340000000-7f2340021000 rw-p 00000000 00:00 0 
7f2340021000-7f2344000000 ---p 00000000 00:00 0 
7f2344000000-7f2344053000 rw-p 00000000 00:00 0 
7f2344053000-7f2348000000 ---p 00000000 00:00 0 
7f2348000000-7f2348155000 rw-p 00000000 00:00 0 
7f2348155000-7f234c000000 ---p 00000000 00:00 0 
7f234c000000-7f234c021000 rw-p 00000000 00:00 0 
7f234c021000-7f2350000000 ---p 00000000 00:00 0 
7f2350000000-7f2350077000 rw-p 00000000 00:00 0 
7f2350077000-7f2354000000 ---p 00000000 00:00 0 
7f2354000000-7f2354021000 rw-p 00000000 00:00 0 
7f2354021000-7f2358000000 ---p 00000000 00:00 0 
7f2358000000-7f2358021000 rw-p 00000000 00:00 0 
7f2358021000-7f235c000000 ---p 00000000 00:00 0 
7f235c000000-7f235c021000 rw-p 00000000 00:00 0 
7f235c021000-7f2360000000 ---p 00000000 00:00 0 
7f2360000000-7f2360021000 rw-p 00000000 00:00 0 
7f2360021000-7f2364000000 ---p 00000000 00:00 0 
7f2364000000-7f2364021000 rw-p 00000000 00:00 0 
7f2364021000-7f2368000000 ---p 00000000 00:00 0 
7f2368100000-7f2368104000 ---p 00000000 00:00 0 
7f2368104000-7f2368201000 rw-p 00000000 00:00 0 
7f2368201000-7f2368205000 ---p 00000000 00:00 0 
7f2368205000-7f2368302000 rw-p 00000000 00:00 0 
7f2368302000-7f2368318000 r-xp 00000000 103:07 1059824                   /usr/lib/jvm/java-9-oracle/lib/libnet.so
7f2368318000-7f2368518000 ---p 00016000 103:07 1059824                   /usr/lib/jvm/java-9-oracle/lib/libnet.so
7f2368518000-7f2368519000 rw-p 00016000 103:07 1059824                   /usr/lib/jvm/java-9-oracle/lib/libnet.so
7f2368519000-7f2368529000 r-xp 00000000 103:07 1059825                   /usr/lib/jvm/java-9-oracle/lib/libnio.so
7f2368529000-7f2368729000 ---p 00010000 103:07 1059825                   /usr/lib/jvm/java-9-oracle/lib/libnio.so
7f2368729000-7f236872a000 rw-p 00010000 103:07 1059825                   /usr/lib/jvm/java-9-oracle/lib/libnio.so
7f236872a000-7f236872e000 ---p 00000000 00:00 0 
7f236872e000-7f236882b000 rw-p 00000000 00:00 0 
7f236882b000-7f236882f000 ---p 00000000 00:00 0 
7f236882f000-7f236892c000 rw-p 00000000 00:00 0 
7f236892c000-7f2368930000 ---p 00000000 00:00 0 
7f2368930000-7f2368a2d000 rw-p 00000000 00:00 0 
7f2368a2d000-7f2368a31000 ---p 00000000 00:00 0 
7f2368a31000-7f2368b2e000 rw-p 00000000 00:00 0 
7f2368b2e000-7f2368b32000 ---p 00000000 00:00 0 
7f2368b32000-7f2368c2f000 rw-p 00000000 00:00 0 
7f2368c2f000-7f2368c33000 ---p 00000000 00:00 0 
7f2368c33000-7f2368d30000 rw-p 00000000 00:00 0 
7f2368d30000-7f2368d34000 ---p 00000000 00:00 0 
7f2368d34000-7f2368e31000 rw-p 00000000 00:00 0 
7f2368e31000-7f2368e32000 ---p 00000000 00:00 0 
7f2368e32000-7f2369629000 rw-p 00000000 00:00 0 
7f2369629000-7f23697a9000 ---p 00000000 00:00 0 
7f23697a9000-7f2369aac000 rw-p 00000000 00:00 0 
7f2369aac000-7f236baac000 rwxp 00000000 00:00 0 
7f236baac000-7f236bc9c000 rw-p 00000000 00:00 0 
7f236bc9c000-7f236d97c000 ---p 00000000 00:00 0 
7f236d97c000-7f236db6c000 rw-p 00000000 00:00 0 
7f236db6c000-7f236f84c000 ---p 00000000 00:00 0 
7f236f84c000-7f236f88a000 rw-p 00000000 00:00 0 
7f236f88a000-7f236fc26000 ---p 00000000 00:00 0 
7f236fc26000-7f236fc64000 rw-p 00000000 00:00 0 
7f236fc64000-7f2370000000 ---p 00000000 00:00 0 
7f2370000000-7f2370021000 rw-p 00000000 00:00 0 
7f2370021000-7f2374000000 ---p 00000000 00:00 0 
7f2374000000-7f2374021000 rw-p 00000000 00:00 0 
7f2374021000-7f2378000000 ---p 00000000 00:00 0 
7f2378000000-7f2378021000 rw-p 00000000 00:00 0 
7f2378021000-7f237c000000 ---p 00000000 00:00 0 
7f237c000000-7f237c021000 rw-p 00000000 00:00 0 
7f237c021000-7f2380000000 ---p 00000000 00:00 0 
7f2380000000-7f2380021000 rw-p 00000000 00:00 0 
7f2380021000-7f2384000000 ---p 00000000 00:00 0 
7f2384000000-7f2384021000 rw-p 00000000 00:00 0 
7f2384021000-7f2388000000 ---p 00000000 00:00 0 
7f2388000000-7f2388021000 rw-p 00000000 00:00 0 
7f2388021000-7f238c000000 ---p 00000000 00:00 0 
7f238c000000-7f238c021000 rw-p 00000000 00:00 0 
7f238c021000-7f2390000000 ---p 00000000 00:00 0 
7f2390000000-7f2390021000 rw-p 00000000 00:00 0 
7f2390021000-7f2394000000 ---p 00000000 00:00 0 
7f239405c000-7f239415d000 rw-p 00000000 00:00 0 
7f239415d000-7f239415e000 ---p 00000000 00:00 0 
7f239415e000-7f239425f000 rw-p 00000000 00:00 0 
7f239425f000-7f2394260000 ---p 00000000 00:00 0 
7f2394260000-7f2394361000 rw-p 00000000 00:00 0 
7f2394361000-7f239473b000 ---p 00000000 00:00 0 
7f239473b000-7f2394779000 rw-p 00000000 00:00 0 
7f2394779000-7f2394b15000 ---p 00000000 00:00 0 
7f2394b15000-7f2394b16000 ---p 00000000 00:00 0 
7f2394b16000-7f2394c17000 rw-p 00000000 00:00 0 
7f2394c17000-7f2394c18000 ---p 00000000 00:00 0 
7f2394c18000-7f2394d19000 rw-p 00000000 00:00 0 
7f2394d19000-7f2394d1a000 ---p 00000000 00:00 0 
7f2394d1a000-7f2394e1b000 rw-p 00000000 00:00 0 
7f2394e1b000-7f2394e1c000 ---p 00000000 00:00 0 
7f2394e1c000-7f2394f1d000 rw-p 00000000 00:00 0 
7f2394f1d000-7f2394f1e000 ---p 00000000 00:00 0 
7f2394f1e000-7f2395423000 rw-p 00000000 00:00 0 
7f2395423000-7f2395424000 ---p 00000000 00:00 0 
7f2395424000-7f2395525000 rw-p 00000000 00:00 0 
7f2395525000-7f2395526000 ---p 00000000 00:00 0 
7f2395526000-7f2395627000 rw-p 00000000 00:00 0 
7f2395627000-7f2395628000 ---p 00000000 00:00 0 
7f2395628000-7f2395729000 rw-p 00000000 00:00 0 
7f2395729000-7f239572a000 ---p 00000000 00:00 0 
7f239572a000-7f2395830000 rw-p 00000000 00:00 0 
7f2395830000-7f2395916000 ---p 00000000 00:00 0 
7f2395916000-7f2395b86000 rwxp 00000000 00:00 0 
7f2395b86000-7f2395ea6000 ---p 00000000 00:00 0 
7f2395ea6000-7f2396116000 rwxp 00000000 00:00 0 
7f2396116000-7f239d3de000 ---p 00000000 00:00 0 
7f239d3de000-7f239d64e000 rwxp 00000000 00:00 0 
7f239d64e000-7f23a4916000 ---p 00000000 00:00 0 
7f23a4916000-7f23afdd3000 r--s 00000000 103:07 1059841                   /usr/lib/jvm/java-9-oracle/lib/modules
7f23afdd3000-7f23afded000 r-xp 00000000 103:07 1059814                   /usr/lib/jvm/java-9-oracle/lib/libjimage.so
7f23afded000-7f23affec000 ---p 0001a000 103:07 1059814                   /usr/lib/jvm/java-9-oracle/lib/libjimage.so
7f23affec000-7f23affee000 rw-p 00019000 103:07 1059814                   /usr/lib/jvm/java-9-oracle/lib/libjimage.so
7f23affee000-7f23b0000000 rw-p 00000000 00:00 0 
7f23b0000000-7f23b0301000 rw-p 00000000 00:00 0 
7f23b0301000-7f23b4000000 ---p 00000000 00:00 0 
7f23b402a000-7f23b408a000 rw-p 00000000 00:00 0 
7f23b408a000-7f23b4170000 ---p 00000000 00:00 0 
7f23b4170000-7f23b4177000 r-xp 00000000 103:07 1059840                   /usr/lib/jvm/java-9-oracle/lib/libzip.so
7f23b4177000-7f23b4376000 ---p 00007000 103:07 1059840                   /usr/lib/jvm/java-9-oracle/lib/libzip.so
7f23b4376000-7f23b4377000 rw-p 00006000 103:07 1059840                   /usr/lib/jvm/java-9-oracle/lib/libzip.so
7f23b4377000-7f23b4382000 r-xp 00000000 103:07 1197978                   /lib/x86_64-linux-gnu/libnss_files-2.27.so
7f23b4382000-7f23b4581000 ---p 0000b000 103:07 1197978                   /lib/x86_64-linux-gnu/libnss_files-2.27.so
7f23b4581000-7f23b4582000 r--p 0000a000 103:07 1197978                   /lib/x86_64-linux-gnu/libnss_files-2.27.so
7f23b4582000-7f23b4583000 rw-p 0000b000 103:07 1197978                   /lib/x86_64-linux-gnu/libnss_files-2.27.so
7f23b4583000-7f23b4589000 rw-p 00000000 00:00 0 
7f23b4589000-7f23b45a0000 r-xp 00000000 103:07 1197975                   /lib/x86_64-linux-gnu/libnsl-2.27.so
7f23b45a0000-7f23b479f000 ---p 00017000 103:07 1197975                   /lib/x86_64-linux-gnu/libnsl-2.27.so
7f23b479f000-7f23b47a0000 r--p 00016000 103:07 1197975                   /lib/x86_64-linux-gnu/libnsl-2.27.so
7f23b47a0000-7f23b47a1000 rw-p 00017000 103:07 1197975                   /lib/x86_64-linux-gnu/libnsl-2.27.so
7f23b47a1000-7f23b47a3000 rw-p 00000000 00:00 0 
7f23b47a3000-7f23b47ae000 r-xp 00000000 103:07 1197980                   /lib/x86_64-linux-gnu/libnss_nis-2.27.so
7f23b47ae000-7f23b49ad000 ---p 0000b000 103:07 1197980                   /lib/x86_64-linux-gnu/libnss_nis-2.27.so
7f23b49ad000-7f23b49ae000 r--p 0000a000 103:07 1197980                   /lib/x86_64-linux-gnu/libnss_nis-2.27.so
7f23b49ae000-7f23b49af000 rw-p 0000b000 103:07 1197980                   /lib/x86_64-linux-gnu/libnss_nis-2.27.so
7f23b49af000-7f23b49b7000 r-xp 00000000 103:07 1197976                   /lib/x86_64-linux-gnu/libnss_compat-2.27.so
7f23b49b7000-7f23b4bb7000 ---p 00008000 103:07 1197976                   /lib/x86_64-linux-gnu/libnss_compat-2.27.so
7f23b4bb7000-7f23b4bb8000 r--p 00008000 103:07 1197976                   /lib/x86_64-linux-gnu/libnss_compat-2.27.so
7f23b4bb8000-7f23b4bb9000 rw-p 00009000 103:07 1197976                   /lib/x86_64-linux-gnu/libnss_compat-2.27.so
7f23b4bb9000-7f23b5440000 r--p 00000000 103:07 1046843                   /usr/lib/locale/locale-archive
7f23b5440000-7f23b544a000 r-xp 00000000 103:07 1059797                   /usr/lib/jvm/java-9-oracle/lib/libinstrument.so
7f23b544a000-7f23b5649000 ---p 0000a000 103:07 1059797                   /usr/lib/jvm/java-9-oracle/lib/libinstrument.so
7f23b5649000-7f23b564a000 rw-p 00009000 103:07 1059797                   /usr/lib/jvm/java-9-oracle/lib/libinstrument.so
7f23b564a000-7f23b5685000 r-xp 00000000 103:07 1059810                   /usr/lib/jvm/java-9-oracle/lib/libjdwp.so
7f23b5685000-7f23b5884000 ---p 0003b000 103:07 1059810                   /usr/lib/jvm/java-9-oracle/lib/libjdwp.so
7f23b5884000-7f23b5885000 rw-p 0003a000 103:07 1059810                   /usr/lib/jvm/java-9-oracle/lib/libjdwp.so
7f23b5885000-7f23b5886000 rw-p 00000000 00:00 0 
7f23b5886000-7f23b58b1000 r-xp 00000000 103:07 1059802                   /usr/lib/jvm/java-9-oracle/lib/libjava.so
7f23b58b1000-7f23b5ab0000 ---p 0002b000 103:07 1059802                   /usr/lib/jvm/java-9-oracle/lib/libjava.so
7f23b5ab0000-7f23b5ab2000 rw-p 0002a000 103:07 1059802                   /usr/lib/jvm/java-9-oracle/lib/libjava.so
7f23b5ab2000-7f23b5abf000 r-xp 00000000 103:07 1059839                   /usr/lib/jvm/java-9-oracle/lib/libverify.so
7f23b5abf000-7f23b5cbe000 ---p 0000d000 103:07 1059839                   /usr/lib/jvm/java-9-oracle/lib/libverify.so
7f23b5cbe000-7f23b5cc0000 rw-p 0000c000 103:07 1059839                   /usr/lib/jvm/java-9-oracle/lib/libverify.so
7f23b5cc0000-7f23b5cc7000 r-xp 00000000 103:07 1205926                   /lib/x86_64-linux-gnu/librt-2.27.so
7f23b5cc7000-7f23b5ec6000 ---p 00007000 103:07 1205926                   /lib/x86_64-linux-gnu/librt-2.27.so
7f23b5ec6000-7f23b5ec7000 r--p 00006000 103:07 1205926                   /lib/x86_64-linux-gnu/librt-2.27.so
7f23b5ec7000-7f23b5ec8000 rw-p 00007000 103:07 1205926                   /lib/x86_64-linux-gnu/librt-2.27.so
7f23b5ec8000-7f23b6065000 r-xp 00000000 103:07 1197972                   /lib/x86_64-linux-gnu/libm-2.27.so
7f23b6065000-7f23b6264000 ---p 0019d000 103:07 1197972                   /lib/x86_64-linux-gnu/libm-2.27.so
7f23b6264000-7f23b6265000 r--p 0019c000 103:07 1197972                   /lib/x86_64-linux-gnu/libm-2.27.so
7f23b6265000-7f23b6266000 rw-p 0019d000 103:07 1197972                   /lib/x86_64-linux-gnu/libm-2.27.so
7f23b6266000-7f23b727b000 r-xp 00000000 103:07 1184214                   /usr/lib/jvm/java-9-oracle/lib/server/libjvm.so
7f23b727b000-7f23b747a000 ---p 01015000 103:07 1184214                   /usr/lib/jvm/java-9-oracle/lib/server/libjvm.so
7f23b747a000-7f23b754b000 r--p 01014000 103:07 1184214                   /usr/lib/jvm/java-9-oracle/lib/server/libjvm.so
7f23b754b000-7f23b7582000 rw-p 010e5000 103:07 1184214                   /usr/lib/jvm/java-9-oracle/lib/server/libjvm.so
7f23b7582000-7f23b75eb000 rw-p 00000000 00:00 0 
7f23b75eb000-7f23b77d2000 r-xp 00000000 103:07 1197968                   /lib/x86_64-linux-gnu/libc-2.27.so
7f23b77d2000-7f23b79d2000 ---p 001e7000 103:07 1197968                   /lib/x86_64-linux-gnu/libc-2.27.so
7f23b79d2000-7f23b79d6000 r--p 001e7000 103:07 1197968                   /lib/x86_64-linux-gnu/libc-2.27.so
7f23b79d6000-7f23b79d8000 rw-p 001eb000 103:07 1197968                   /lib/x86_64-linux-gnu/libc-2.27.so
7f23b79d8000-7f23b79dc000 rw-p 00000000 00:00 0 
7f23b79dc000-7f23b79df000 r-xp 00000000 103:07 1197971                   /lib/x86_64-linux-gnu/libdl-2.27.so
7f23b79df000-7f23b7bde000 ---p 00003000 103:07 1197971                   /lib/x86_64-linux-gnu/libdl-2.27.so
7f23b7bde000-7f23b7bdf000 r--p 00002000 103:07 1197971                   /lib/x86_64-linux-gnu/libdl-2.27.so
7f23b7bdf000-7f23b7be0000 rw-p 00003000 103:07 1197971                   /lib/x86_64-linux-gnu/libdl-2.27.so
7f23b7be0000-7f23b7bee000 r-xp 00000000 103:07 1059886                   /usr/lib/jvm/java-9-oracle/lib/jli/libjli.so
7f23b7bee000-7f23b7dee000 ---p 0000e000 103:07 1059886                   /usr/lib/jvm/java-9-oracle/lib/jli/libjli.so
7f23b7dee000-7f23b7def000 rw-p 0000e000 103:07 1059886                   /usr/lib/jvm/java-9-oracle/lib/jli/libjli.so
7f23b7def000-7f23b7e09000 r-xp 00000000 103:07 1205922                   /lib/x86_64-linux-gnu/libpthread-2.27.so
7f23b7e09000-7f23b8008000 ---p 0001a000 103:07 1205922                   /lib/x86_64-linux-gnu/libpthread-2.27.so
7f23b8008000-7f23b8009000 r--p 00019000 103:07 1205922                   /lib/x86_64-linux-gnu/libpthread-2.27.so
7f23b8009000-7f23b800a000 rw-p 0001a000 103:07 1205922                   /lib/x86_64-linux-gnu/libpthread-2.27.so
7f23b800a000-7f23b800e000 rw-p 00000000 00:00 0 
7f23b800e000-7f23b802a000 r-xp 00000000 103:07 1206465                   /lib/x86_64-linux-gnu/libz.so.1.2.11
7f23b802a000-7f23b8229000 ---p 0001c000 103:07 1206465                   /lib/x86_64-linux-gnu/libz.so.1.2.11
7f23b8229000-7f23b822a000 r--p 0001b000 103:07 1206465                   /lib/x86_64-linux-gnu/libz.so.1.2.11
7f23b822a000-7f23b822b000 rw-p 0001c000 103:07 1206465                   /lib/x86_64-linux-gnu/libz.so.1.2.11
7f23b822b000-7f23b8252000 r-xp 00000000 103:07 1197964                   /lib/x86_64-linux-gnu/ld-2.27.so
7f23b8265000-7f23b8323000 rw-p 00000000 00:00 0 
7f23b8323000-7f23b8324000 ---p 00000000 00:00 0 
7f23b8324000-7f23b8325000 rw-p 00000000 00:00 0 
7f23b8325000-7f23b8329000 ---p 00000000 00:00 0 
7f23b8329000-7f23b8428000 rw-p 00000000 00:00 0 
7f23b8432000-7f23b8439000 r--s 00000000 103:07 262430                    /usr/lib/x86_64-linux-gnu/gconv/gconv-modules.cache
7f23b8439000-7f23b843f000 rw-p 00000000 00:00 0 
7f23b843f000-7f23b8446000 ---p 00000000 00:00 0 
7f23b8446000-7f23b8448000 r--s 00001000 07:10 408                        /snap/intellij-idea-ultimate/86/lib/rt/debugger-agent-storage.jar
7f23b8448000-7f23b8450000 rw-s 00000000 103:07 916811                    /tmp/hsperfdata_varvara/759
7f23b8450000-7f23b8451000 rw-p 00000000 00:00 0 
7f23b8451000-7f23b8452000 ---p 00000000 00:00 0 
7f23b8452000-7f23b8453000 r--p 00027000 103:07 1197964                   /lib/x86_64-linux-gnu/ld-2.27.so
7f23b8453000-7f23b8454000 rw-p 00028000 103:07 1197964                   /lib/x86_64-linux-gnu/ld-2.27.so
7f23b8454000-7f23b8455000 rw-p 00000000 00:00 0 
7fffd2cc2000-7fffd2ce3000 rw-p 00000000 00:00 0                          [stack]
7fffd2d66000-7fffd2d69000 r--p 00000000 00:00 0                          [vvar]
7fffd2d69000-7fffd2d6b000 r-xp 00000000 00:00 0                          [vdso]
ffffffffff600000-ffffffffff601000 r-xp 00000000 00:00 0                  [vsyscall]

VM Arguments:
jvm_args: -agentlib:jdwp=transport=dt_socket,address=127.0.0.1:43241,suspend=y,server=n -javaagent:/snap/intellij-idea-ultimate/86/lib/rt/debugger-agent.jar=file:/tmp/capture.props -Dfile.encoding=UTF-8 
java_command: Main
java_class_path (initial): /home/varvara/lab3/out/production/lab3:/snap/intellij-idea-ultimate/86/lib/idea_rt.jar
Launcher Type: SUN_STANDARD

Logging:
Log output configuration:
#0: stdout all=warning uptime,level,tags
#1: stderr all=off uptime,level,tags

Environment Variables:
JAVA_HOME=/usr/lib/jvm/java-9-oracle
PATH=/usr/local/sbin:/usr/local/bin:/usr/sbin:/usr/bin:/sbin:/bin:/usr/games:/usr/local/games:/snap/bin:/usr/lib/jvm/java-9-oracle/bin:/usr/lib/jvm/java-9-oracle/db/bin
USERNAME=varvara
SHELL=/bin/bash
DISPLAY=:0

Signal Handlers:
SIGSEGV: [libjvm.so+0xd4d370], sa_mask[0]=11111111011111111101111111111110, sa_flags=SA_RESTART|SA_SIGINFO
SIGBUS: [libjvm.so+0xd4d370], sa_mask[0]=11111111011111111101111111111110, sa_flags=SA_RESTART|SA_SIGINFO
SIGFPE: [libjvm.so+0xd4d370], sa_mask[0]=11111111011111111101111111111110, sa_flags=SA_RESTART|SA_SIGINFO
SIGPIPE: [libjvm.so+0xb64780], sa_mask[0]=11111111011111111101111111111110, sa_flags=SA_RESTART|SA_SIGINFO
SIGXFSZ: [libjvm.so+0xb64780], sa_mask[0]=11111111011111111101111111111110, sa_flags=SA_RESTART|SA_SIGINFO
SIGILL: [libjvm.so+0xd4d370], sa_mask[0]=11111111011111111101111111111110, sa_flags=SA_RESTART|SA_SIGINFO
SIGUSR2: [libjvm.so+0xb64640], sa_mask[0]=00100000000000000000000000000000, sa_flags=SA_RESTART|SA_SIGINFO
SIGHUP: [libjvm.so+0xb64850], sa_mask[0]=11111111011111111101111111111110, sa_flags=SA_RESTART|SA_SIGINFO
SIGINT: [libjvm.so+0xb64850], sa_mask[0]=11111111011111111101111111111110, sa_flags=SA_RESTART|SA_SIGINFO
SIGTERM: [libjvm.so+0xb64850], sa_mask[0]=11111111011111111101111111111110, sa_flags=SA_RESTART|SA_SIGINFO
SIGQUIT: [libjvm.so+0xb64850], sa_mask[0]=11111111011111111101111111111110, sa_flags=SA_RESTART|SA_SIGINFO


---------------  S Y S T E M  ---------------

OS:DISTRIB_ID=Ubuntu
DISTRIB_RELEASE=18.04
DISTRIB_CODENAME=bionic
DISTRIB_DESCRIPTION="Ubuntu 18.04.1 LTS"
uname:Linux 4.15.0-36-generic #39-Ubuntu SMP Mon Sep 24 16:19:09 UTC 2018 x86_64
libc:glibc 2.27 NPTL 2.27 
rlimit: STACK 8192k, CORE 0k, NPROC 30978, NOFILE 1048576, AS infinity
load average:2,79 1,32 1,09

/proc/meminfo:
MemTotal:        8075944 kB
MemFree:          181736 kB
MemAvailable:     301436 kB
Buffers:           19616 kB
Cached:          1195688 kB
SwapCached:        56952 kB
Active:          6346048 kB
Inactive:        1017780 kB
Active(anon):    6147756 kB
Inactive(anon):   910000 kB
Active(file):     198292 kB
Inactive(file):   107780 kB
Unevictable:       13884 kB
Mlocked:           13884 kB
SwapTotal:       3999740 kB
SwapFree:        1614560 kB
Dirty:             15104 kB
Writeback:             0 kB
AnonPages:       6151644 kB
Mapped:           758432 kB
Shmem:            903960 kB
Slab:             188620 kB
SReclaimable:      76048 kB
SUnreclaim:       112572 kB
KernelStack:       25776 kB
PageTables:       137752 kB
NFS_Unstable:          0 kB
Bounce:                0 kB
WritebackTmp:          0 kB
CommitLimit:     8037712 kB
Committed_AS:   25768796 kB
VmallocTotal:   34359738367 kB
VmallocUsed:           0 kB
VmallocChunk:          0 kB
HardwareCorrupted:     0 kB
AnonHugePages:         0 kB
ShmemHugePages:        0 kB
ShmemPmdMapped:        0 kB
CmaTotal:              0 kB
CmaFree:               0 kB
HugePages_Total:       0
HugePages_Free:        0
HugePages_Rsvd:        0
HugePages_Surp:        0
Hugepagesize:       2048 kB
DirectMap4k:      493172 kB
DirectMap2M:     7802880 kB
DirectMap1G:           0 kB


CPU:total 4 (initial active 4) (2 cores per cpu, 2 threads per core) family 6 model 142 stepping 9, cmov, cx8, fxsr, mmx, sse, sse2, sse3, ssse3, sse4.1, sse4.2, popcnt, avx, avx2, aes, clmul, erms, 3dnowpref, lzcnt, ht, tsc, tscinvbit, bmi1, bmi2, adx, fma
CPU Model and flags from /proc/cpuinfo:
model name	: Intel(R) Core(TM) i5-7200U CPU @ 2.50GHz
flags		: fpu vme de pse tsc msr pae mce cx8 apic sep mtrr pge mca cmov pat pse36 clflush dts acpi mmx fxsr sse sse2 ss ht tm pbe syscall nx pdpe1gb rdtscp lm constant_tsc art arch_perfmon pebs bts rep_good nopl xtopology nonstop_tsc cpuid aperfmperf tsc_known_freq pni pclmulqdq dtes64 monitor ds_cpl vmx est tm2 ssse3 sdbg fma cx16 xtpr pdcm pcid sse4_1 sse4_2 x2apic movbe popcnt tsc_deadline_timer aes xsave avx f16c rdrand lahf_lm abm 3dnowprefetch cpuid_fault epb invpcid_single pti ssbd ibrs ibpb stibp tpr_shadow vnmi flexpriority ept vpid fsgsbase tsc_adjust bmi1 avx2 smep bmi2 erms invpcid mpx rdseed adx smap clflushopt intel_pt xsaveopt xsavec xgetbv1 xsaves dtherm ida arat pln pts hwp hwp_notify hwp_act_window hwp_epp flush_l1d

Memory: 4k page, physical 8075944k(181736k free), swap 3999740k(1614560k free)

vm_info: Java HotSpot(TM) 64-Bit Server VM (9.0.4+11) for linux-amd64 JRE (9.0.4+11), built on Dec 19 2017 18:12:19 by "mach5one" with gcc 4.9.2

END.
